Log file open, 03/16/21 23:34:36
LogWindows: Failed to load 'aqProf.dll' (GetLastError=126)
LogWindows: File 'aqProf.dll' does not exist
LogWindows: Failed to load 'VtuneApi.dll' (GetLastError=126)
LogWindows: File 'VtuneApi.dll' does not exist
LogWindows: Failed to load 'VtuneApi32e.dll' (GetLastError=126)
LogWindows: File 'VtuneApi32e.dll' does not exist
LogConsoleResponse: Display: Failed to find resolution value strings in scalability ini. Falling back to default.
LogInit: Display: Running engine for game: Prototipo_Slime_lord
LogPlatformFile: Not using cached read wrapper
LogTaskGraph: Started task graph with 5 named threads and 20 total threads with 3 sets of task threads.
LogStats: Stats thread started at 0.069968
LogD3D11RHI: Loaded GFSDK_Aftermath_Lib.x64.dll
LogICUInternationalization: ICU TimeZone Detection - Raw Offset: +1:00, Platform Override: ''
LogPluginManager: Mounting plugin Paper2D
LogPluginManager: Mounting plugin AISupport
LogPluginManager: Mounting plugin LightPropagationVolume
LogPluginManager: Mounting plugin ActorLayerUtilities
LogPluginManager: Mounting plugin AnimationSharing
LogPluginManager: Mounting plugin CLionSourceCodeAccess
LogPluginManager: Mounting plugin CodeLiteSourceCodeAccess
LogPluginManager: Mounting plugin GitSourceControl
LogPluginManager: Mounting plugin KDevelopSourceCodeAccess
LogPluginManager: Mounting plugin NullSourceCodeAccess
LogPluginManager: Mounting plugin PerforceSourceControl
LogPluginManager: Mounting plugin PlasticSourceControl
LogPluginManager: Mounting plugin SubversionSourceControl
LogPluginManager: Mounting plugin UObjectPlugin
LogPluginManager: Mounting plugin VisualStudioCodeSourceCodeAccess
LogPluginManager: Mounting plugin VisualStudioSourceCodeAccess
LogPluginManager: Mounting plugin XCodeSourceCodeAccess
LogPluginManager: Mounting plugin AssetManagerEditor
LogPluginManager: Mounting plugin CryptoKeys
LogPluginManager: Mounting plugin CurveEditorTools
LogPluginManager: Mounting plugin DataValidation
LogPluginManager: Mounting plugin FacialAnimation
LogPluginManager: Mounting plugin GameplayTagsEditor
LogPluginManager: Mounting plugin MacGraphicsSwitching
LogPluginManager: Mounting plugin MaterialAnalyzer
LogPluginManager: Mounting plugin MobileLauncherProfileWizard
LogPluginManager: Mounting plugin PluginBrowser
LogPluginManager: Mounting plugin SpeedTreeImporter
LogPluginManager: Mounting plugin DatasmithContent
LogPluginManager: Mounting plugin VariantManagerContent
LogPluginManager: Mounting plugin AlembicImporter
LogPluginManager: Mounting plugin AutomationUtils
LogPluginManager: Mounting plugin BackChannel
LogPluginManager: Mounting plugin CharacterAI
LogPluginManager: Mounting plugin GeometryCache
LogPluginManager: Mounting plugin PlatformCrypto
LogPluginManager: Mounting plugin ProxyLODPlugin
LogPluginManager: Mounting plugin SkeletalReduction
LogPluginManager: Mounting plugin MagicLeap
LogPluginManager: Mounting plugin MagicLeapMedia
LogPluginManager: Mounting plugin MLSDK
LogPluginManager: Mounting plugin AndroidMedia
LogPluginManager: Mounting plugin AvfMedia
LogPluginManager: Mounting plugin ImgMedia
LogPluginManager: Mounting plugin MediaCompositing
LogPluginManager: Mounting plugin MediaPlayerEditor
LogPluginManager: Mounting plugin WebMMedia
LogPluginManager: Mounting plugin WmfMedia
LogPluginManager: Mounting plugin TcpMessaging
LogPluginManager: Mounting plugin UdpMessaging
LogPluginManager: Mounting plugin ActorSequence
LogPluginManager: Mounting plugin LevelSequenceEditor
LogPluginManager: Mounting plugin MatineeToLevelSequence
LogPluginManager: Mounting plugin NetcodeUnitTest
LogPluginManager: Mounting plugin NUTUnrealEngine4
LogPluginManager: Mounting plugin OnlineSubsystemGooglePlay
LogPluginManager: Mounting plugin OnlineSubsystemIOS
LogPluginManager: Mounting plugin OnlineSubsystem
LogPluginManager: Mounting plugin OnlineSubsystemNull
LogPluginManager: Mounting plugin OnlineSubsystemUtils
LogPluginManager: Mounting plugin LauncherChunkInstaller
LogPluginManager: Mounting plugin AndroidDeviceProfileSelector
LogPluginManager: Mounting plugin AndroidMoviePlayer
LogPluginManager: Mounting plugin AndroidPermission
LogPluginManager: Mounting plugin AppleImageUtils
LogPluginManager: Mounting plugin AppleMoviePlayer
LogPluginManager: Mounting plugin ArchVisCharacter
LogPluginManager: Mounting plugin AssetTags
LogPluginManager: Mounting plugin AudioCapture
LogPluginManager: Mounting plugin CableComponent
LogPluginManager: Mounting plugin CustomMeshComponent
LogPluginManager: Mounting plugin EditableMesh
LogPluginManager: Mounting plugin ExampleDeviceProfileSelector
LogPluginManager: Mounting plugin GoogleCloudMessaging
LogPluginManager: Mounting plugin IOSDeviceProfileSelector
LogPluginManager: Mounting plugin LinuxDeviceProfileSelector
LogPluginManager: Mounting plugin LocationServicesBPLibrary
LogPluginManager: Mounting plugin MobilePatchingUtils
LogPluginManager: Mounting plugin OculusVR
LogPluginManager: Mounting plugin PhysXVehicles
LogPluginManager: Mounting plugin PostSplashScreen
LogPluginManager: Mounting plugin ProceduralMeshComponent
LogPluginManager: Mounting plugin RuntimePhysXCooking
LogPluginManager: Mounting plugin SignificanceManager
LogPluginManager: Mounting plugin SteamVR
LogPluginManager: Mounting plugin WebMMoviePlayer
LogPluginManager: Mounting plugin WindowsMoviePlayer
LogPluginManager: Mounting plugin ScreenshotTools
LogInit: Using libcurl 7.55.1-DEV
LogInit:  - built for x86_64-pc-win32
LogInit:  - supports SSL with OpenSSL/1.1.1
LogInit:  - supports HTTP deflate (compression) using libz 1.2.8
LogInit:  - other features:
LogInit:      CURL_VERSION_SSL
LogInit:      CURL_VERSION_LIBZ
LogInit:      CURL_VERSION_IPV6
LogInit:      CURL_VERSION_ASYNCHDNS
LogInit:      CURL_VERSION_LARGEFILE
LogInit:      CURL_VERSION_IDN
LogInit:  CurlRequestOptions (configurable via config and command line):
LogInit:  - bVerifyPeer = true  - Libcurl will verify peer certificate
LogInit:  - bUseHttpProxy = false  - Libcurl will NOT use HTTP proxy
LogInit:  - bDontReuseConnections = false  - Libcurl will reuse connections
LogInit:  - MaxHostConnections = 16  - Libcurl will limit the number of connections to a host
LogInit:  - LocalHostAddr = Default
LogInit:  - BufferSize = 65536
LogOnline: OSS: Creating online subsystem instance for: NULL
LogInit: WinSock: version 1.1 (2.2), MaxSocks=32767, MaxUdp=65467
LogOnline: OSS: TryLoadSubsystemAndSetDefault: Loaded subsystem for module [NULL]
LogInit: Build: ++UE4+Release-4.24-CL-11590370
LogInit: Engine Version: 4.24.3-11590370+++UE4+Release-4.24
LogInit: Compatible Engine Version: 4.24.0-10570792+++UE4+Release-4.24
LogInit: Net CL: 10570792
LogInit: OS: Windows 10 (Release 2004) (), CPU: Intel(R) Core(TM) i5-9600K CPU @ 3.70GHz, GPU: NVIDIA GeForce GTX 1060 6GB
LogInit: Compiled (64-bit): Feb 24 2020 15:39:18
LogInit: Compiled with Visual C++: 19.16.27032.01
LogInit: Build Configuration: Development
LogInit: Branch Name: ++UE4+Release-4.24
LogInit: Command Line: 
LogInit: Base Directory: E:/UE_4.24/Engine/Binaries/Win64/
LogInit: Installed Engine Build: 1
LogDevObjectVersion: Number of dev versions registered: 25
LogDevObjectVersion:   Dev-Blueprints (B0D832E4-1F89-4F0D-ACCF-7EB736FD4AA2): 10
LogDevObjectVersion:   Dev-Build (E1C64328-A22C-4D53-A36C-8E866417BD8C): 0
LogDevObjectVersion:   Dev-Core (375EC13C-06E4-48FB-B500-84F0262A717E): 3
LogDevObjectVersion:   Dev-Editor (E4B068ED-F494-42E9-A231-DA0B2E46BB41): 37
LogDevObjectVersion:   Dev-Framework (CFFC743F-43B0-4480-9391-14DF171D2073): 36
LogDevObjectVersion:   Dev-Mobile (B02B49B5-BB20-44E9-A304-32B752E40360): 2
LogDevObjectVersion:   Dev-Networking (A4E4105C-59A1-49B5-A7C5-40C4547EDFEE): 0
LogDevObjectVersion:   Dev-Online (39C831C9-5AE6-47DC-9A44-9C173E1C8E7C): 0
LogDevObjectVersion:   Dev-Physics (78F01B33-EBEA-4F98-B9B4-84EACCB95AA2): 2
LogDevObjectVersion:   Dev-Platform (6631380F-2D4D-43E0-8009-CF276956A95A): 0
LogDevObjectVersion:   Dev-Rendering (12F88B9F-8875-4AFC-A67C-D90C383ABD29): 36
LogDevObjectVersion:   Dev-Sequencer (7B5AE74C-D270-4C10-A958-57980B212A5A): 11
LogDevObjectVersion:   Dev-VR (D7296918-1DD6-4BDD-9DE2-64A83CC13884): 2
LogDevObjectVersion:   Dev-LoadTimes (C2A15278-BFE7-4AFE-6C17-90FF531DF755): 1
LogDevObjectVersion:   Private-Geometry (6EACA3D4-40EC-4CC1-B786-8BED09428FC5): 3
LogDevObjectVersion:   Dev-AnimPhys (29E575DD-E0A3-4627-9D10-D276232CDCEA): 17
LogDevObjectVersion:   Dev-Anim (AF43A65D-7FD3-4947-9873-3E8ED9C1BB05): 2
LogDevObjectVersion:   Dev-ReflectionCapture (6B266CEC-1EC7-4B8F-A30B-E4D90942FC07): 1
LogDevObjectVersion:   Dev-Automation (0DF73D61-A23F-47EA-B727-89E90C41499A): 1
LogDevObjectVersion:   FortniteMain (601D1886-AC64-4F84-AA16-D3DE0DEAC7D6): 31
LogDevObjectVersion:   Dev-Enterprise (9DFFBCD6-494F-0158-E221-12823C92A888): 8
LogDevObjectVersion:   Dev-Niagara (F2AED0AC-9AFE-416F-8664-AA7FFA26D6FC): 1
LogDevObjectVersion:   Dev-Destruction (174F1F0B-B4C6-45A5-B13F-2EE8D0FB917D): 9
LogDevObjectVersion:   Dev-Physics-Ext (35F94A83-E258-406C-A318-09F59610247C): 8
LogDevObjectVersion:   Dev-CineCamera (B2E18506-4273-CFC2-A54E-F4BB758BBA07): 1
LogInit: Presizing for max 25165824 objects, including 0 objects not considered by GC, pre-allocating 0 bytes for permanent pool.
LogInit: Object subsystem initialized
LogConfig: Setting CVar [[con.DebugEarlyDefault:1]]
LogConfig: Setting CVar [[r.setres:1280x720]]
[2021.03.16-22.34.36:650][  0]LogConfig: Setting CVar [[r.VSync:0]]
[2021.03.16-22.34.36:650][  0]LogConfig: Setting CVar [[r.RHICmdBypass:0]]
[2021.03.16-22.34.36:650][  0]LogConfig: Applying CVar settings from Section [/Script/Engine.RendererSettings] File [E:/Documentos Importantes/ENTI/2o/Proyecto II/Slime Lord COMPARTIDO/Slime_Lord/Unreal/Prototipo_Slime_lord/Saved/Config/Windows/Engine.ini]
[2021.03.16-22.34.36:650][  0]LogConfig: Setting CVar [[r.GPUCrashDebugging:0]]
[2021.03.16-22.34.36:650][  0]LogConfig: Applying CVar settings from Section [/Script/Engine.RendererOverrideSettings] File [E:/Documentos Importantes/ENTI/2o/Proyecto II/Slime Lord COMPARTIDO/Slime_Lord/Unreal/Prototipo_Slime_lord/Saved/Config/Windows/Engine.ini]
[2021.03.16-22.34.36:650][  0]LogConfig: Applying CVar settings from Section [/Script/Engine.StreamingSettings] File [E:/Documentos Importantes/ENTI/2o/Proyecto II/Slime Lord COMPARTIDO/Slime_Lord/Unreal/Prototipo_Slime_lord/Saved/Config/Windows/Engine.ini]
[2021.03.16-22.34.36:650][  0]LogConfig: Setting CVar [[s.MinBulkDataSizeForAsyncLoading:131072]]
[2021.03.16-22.34.36:651][  0]LogConfig: Setting CVar [[s.AsyncLoadingThreadEnabled:0]]
[2021.03.16-22.34.36:651][  0]LogConfig: Setting CVar [[s.EventDrivenLoaderEnabled:1]]
[2021.03.16-22.34.36:651][  0]LogConfig: Setting CVar [[s.WarnIfTimeLimitExceeded:0]]
[2021.03.16-22.34.36:651][  0]LogConfig: Setting CVar [[s.TimeLimitExceededMultiplier:1.5]]
[2021.03.16-22.34.36:651][  0]LogConfig: Setting CVar [[s.TimeLimitExceededMinTime:0.005]]
[2021.03.16-22.34.36:651][  0]LogConfig: Setting CVar [[s.UseBackgroundLevelStreaming:1]]
[2021.03.16-22.34.36:651][  0]LogConfig: Setting CVar [[s.PriorityAsyncLoadingExtraTime:15.0]]
[2021.03.16-22.34.36:651][  0]LogConfig: Setting CVar [[s.LevelStreamingActorsUpdateTimeLimit:5.0]]
[2021.03.16-22.34.36:651][  0]LogConfig: Setting CVar [[s.PriorityLevelStreamingActorsUpdateExtraTime:5.0]]
[2021.03.16-22.34.36:651][  0]LogConfig: Setting CVar [[s.LevelStreamingComponentsRegistrationGranularity:10]]
[2021.03.16-22.34.36:651][  0]LogConfig: Setting CVar [[s.UnregisterComponentsTimeLimit:1.0]]
[2021.03.16-22.34.36:651][  0]LogConfig: Setting CVar [[s.LevelStreamingComponentsUnregistrationGranularity:5]]
[2021.03.16-22.34.36:651][  0]LogConfig: Setting CVar [[s.FlushStreamingOnExit:1]]
[2021.03.16-22.34.36:651][  0]LogConfig: Applying CVar settings from Section [/Script/Engine.GarbageCollectionSettings] File [E:/Documentos Importantes/ENTI/2o/Proyecto II/Slime Lord COMPARTIDO/Slime_Lord/Unreal/Prototipo_Slime_lord/Saved/Config/Windows/Engine.ini]
[2021.03.16-22.34.36:651][  0]LogConfig: Setting CVar [[gc.MaxObjectsNotConsideredByGC:1]]
[2021.03.16-22.34.36:651][  0]LogConfig: Setting CVar [[gc.SizeOfPermanentObjectPool:0]]
[2021.03.16-22.34.36:651][  0]LogConfig: Setting CVar [[gc.FlushStreamingOnGC:0]]
[2021.03.16-22.34.36:651][  0]LogConfig: Setting CVar [[gc.NumRetriesBeforeForcingGC:10]]
[2021.03.16-22.34.36:651][  0]LogConfig: Setting CVar [[gc.AllowParallelGC:1]]
[2021.03.16-22.34.36:651][  0]LogConfig: Setting CVar [[gc.TimeBetweenPurgingPendingKillObjects:61.1]]
[2021.03.16-22.34.36:651][  0]LogConfig: Setting CVar [[gc.MaxObjectsInEditor:25165824]]
[2021.03.16-22.34.36:651][  0]LogConfig: Setting CVar [[gc.IncrementalBeginDestroyEnabled:1]]
[2021.03.16-22.34.36:651][  0]LogConfig: Setting CVar [[gc.CreateGCClusters:1]]
[2021.03.16-22.34.36:651][  0]LogConfig: Setting CVar [[gc.MinGCClusterSize:5]]
[2021.03.16-22.34.36:651][  0]LogConfig: Setting CVar [[gc.ActorClusteringEnabled:0]]
[2021.03.16-22.34.36:651][  0]LogConfig: Setting CVar [[gc.BlueprintClusteringEnabled:0]]
[2021.03.16-22.34.36:651][  0]LogConfig: Setting CVar [[gc.UseDisregardForGCOnDedicatedServers:0]]
[2021.03.16-22.34.36:651][  0]LogConfig: Applying CVar settings from Section [/Script/Engine.NetworkSettings] File [E:/Documentos Importantes/ENTI/2o/Proyecto II/Slime Lord COMPARTIDO/Slime_Lord/Unreal/Prototipo_Slime_lord/Saved/Config/Windows/Engine.ini]
[2021.03.16-22.34.36:651][  0]LogConfig: Applying CVar settings from Section [/Script/UnrealEd.CookerSettings] File [E:/Documentos Importantes/ENTI/2o/Proyecto II/Slime Lord COMPARTIDO/Slime_Lord/Unreal/Prototipo_Slime_lord/Saved/Config/Windows/Engine.ini]
[2021.03.16-22.34.36:653][  0]LogConfig: Applying CVar settings from Section [ViewDistanceQuality@3] File [E:/Documentos Importantes/ENTI/2o/Proyecto II/Slime Lord COMPARTIDO/Slime_Lord/Unreal/Prototipo_Slime_lord/Saved/Config/Windows/Scalability.ini]
[2021.03.16-22.34.36:653][  0]LogConfig: Setting CVar [[r.SkeletalMeshLODBias:0]]
[2021.03.16-22.34.36:653][  0]LogConfig: Setting CVar [[r.ViewDistanceScale:1.0]]
[2021.03.16-22.34.36:653][  0]LogConfig: Applying CVar settings from Section [AntiAliasingQuality@3] File [E:/Documentos Importantes/ENTI/2o/Proyecto II/Slime Lord COMPARTIDO/Slime_Lord/Unreal/Prototipo_Slime_lord/Saved/Config/Windows/Scalability.ini]
[2021.03.16-22.34.36:653][  0]LogConfig: Setting CVar [[r.PostProcessAAQuality:4]]
[2021.03.16-22.34.36:653][  0]LogConfig: Applying CVar settings from Section [ShadowQuality@3] File [E:/Documentos Importantes/ENTI/2o/Proyecto II/Slime Lord COMPARTIDO/Slime_Lord/Unreal/Prototipo_Slime_lord/Saved/Config/Windows/Scalability.ini]
[2021.03.16-22.34.36:653][  0]LogConfig: Setting CVar [[r.LightFunctionQuality:1]]
[2021.03.16-22.34.36:653][  0]LogConfig: Setting CVar [[r.ShadowQuality:5]]
[2021.03.16-22.34.36:653][  0]LogConfig: Setting CVar [[r.Shadow.CSM.MaxCascades:10]]
[2021.03.16-22.34.36:653][  0]LogConfig: Setting CVar [[r.Shadow.MaxResolution:2048]]
[2021.03.16-22.34.36:653][  0]LogConfig: Setting CVar [[r.Shadow.MaxCSMResolution:2048]]
[2021.03.16-22.34.36:653][  0]LogConfig: Setting CVar [[r.Shadow.RadiusThreshold:0.01]]
[2021.03.16-22.34.36:653][  0]LogConfig: Setting CVar [[r.Shadow.DistanceScale:1.0]]
[2021.03.16-22.34.36:653][  0]LogConfig: Setting CVar [[r.Shadow.CSM.TransitionScale:1.0]]
[2021.03.16-22.34.36:653][  0]LogConfig: Setting CVar [[r.Shadow.PreShadowResolutionFactor:1.0]]
[2021.03.16-22.34.36:653][  0]LogConfig: Setting CVar [[r.DistanceFieldShadowing:1]]
[2021.03.16-22.34.36:654][  0]LogConfig: Setting CVar [[r.DistanceFieldAO:1]]
[2021.03.16-22.34.36:654][  0]LogConfig: Setting CVar [[r.AOQuality:2]]
[2021.03.16-22.34.36:654][  0]LogConfig: Setting CVar [[r.VolumetricFog:1]]
[2021.03.16-22.34.36:654][  0]LogConfig: Setting CVar [[r.VolumetricFog.GridPixelSize:8]]
[2021.03.16-22.34.36:654][  0]LogConfig: Setting CVar [[r.VolumetricFog.GridSizeZ:128]]
[2021.03.16-22.34.36:654][  0]LogConfig: Setting CVar [[r.VolumetricFog.HistoryMissSupersampleCount:4]]
[2021.03.16-22.34.36:654][  0]LogConfig: Setting CVar [[r.LightMaxDrawDistanceScale:1]]
[2021.03.16-22.34.36:654][  0]LogConfig: Setting CVar [[r.CapsuleShadows:1]]
[2021.03.16-22.34.36:654][  0]LogConfig: Applying CVar settings from Section [PostProcessQuality@3] File [E:/Documentos Importantes/ENTI/2o/Proyecto II/Slime Lord COMPARTIDO/Slime_Lord/Unreal/Prototipo_Slime_lord/Saved/Config/Windows/Scalability.ini]
[2021.03.16-22.34.36:654][  0]LogConfig: Setting CVar [[r.MotionBlurQuality:4]]
[2021.03.16-22.34.36:654][  0]LogConfig: Setting CVar [[r.AmbientOcclusionMipLevelFactor:0.4]]
[2021.03.16-22.34.36:654][  0]LogConfig: Setting CVar [[r.AmbientOcclusionMaxQuality:100]]
[2021.03.16-22.34.36:654][  0]LogConfig: Setting CVar [[r.AmbientOcclusionLevels:-1]]
[2021.03.16-22.34.36:654][  0]LogConfig: Setting CVar [[r.AmbientOcclusionRadiusScale:1.0]]
[2021.03.16-22.34.36:654][  0]LogConfig: Setting CVar [[r.DepthOfFieldQuality:2]]
[2021.03.16-22.34.36:654][  0]LogConfig: Setting CVar [[r.RenderTargetPoolMin:400]]
[2021.03.16-22.34.36:654][  0]LogConfig: Setting CVar [[r.LensFlareQuality:2]]
[2021.03.16-22.34.36:654][  0]LogConfig: Setting CVar [[r.SceneColorFringeQuality:1]]
[2021.03.16-22.34.36:654][  0]LogConfig: Setting CVar [[r.EyeAdaptationQuality:2]]
[2021.03.16-22.34.36:654][  0]LogConfig: Setting CVar [[r.BloomQuality:5]]
[2021.03.16-22.34.36:654][  0]LogConfig: Setting CVar [[r.FastBlurThreshold:100]]
[2021.03.16-22.34.36:654][  0]LogConfig: Setting CVar [[r.Upscale.Quality:3]]
[2021.03.16-22.34.36:654][  0]LogConfig: Setting CVar [[r.Tonemapper.GrainQuantization:1]]
[2021.03.16-22.34.36:654][  0]LogConfig: Setting CVar [[r.LightShaftQuality:1]]
[2021.03.16-22.34.36:654][  0]LogConfig: Setting CVar [[r.Filter.SizeScale:1]]
[2021.03.16-22.34.36:654][  0]LogConfig: Setting CVar [[r.Tonemapper.Quality:5]]
[2021.03.16-22.34.36:654][  0]LogConfig: Setting CVar [[r.DOF.Gather.AccumulatorQuality:1        ; higher gathering accumulator quality]]
[2021.03.16-22.34.36:654][  0]LogConfig: Setting CVar [[r.DOF.Gather.PostfilterMethod:1          ; Median3x3 postfilering method]]
[2021.03.16-22.34.36:654][  0]LogConfig: Setting CVar [[r.DOF.Gather.EnableBokehSettings:0       ; no bokeh simulation when gathering]]
[2021.03.16-22.34.36:654][  0]LogConfig: Setting CVar [[r.DOF.Gather.RingCount:4                 ; medium number of samples when gathering]]
[2021.03.16-22.34.36:654][  0]LogConfig: Setting CVar [[r.DOF.Scatter.ForegroundCompositing:1    ; additive foreground scattering]]
[2021.03.16-22.34.36:654][  0]LogConfig: Setting CVar [[r.DOF.Scatter.BackgroundCompositing:2    ; additive background scattering]]
[2021.03.16-22.34.36:654][  0]LogConfig: Setting CVar [[r.DOF.Scatter.EnableBokehSettings:1      ; bokeh simulation when scattering]]
[2021.03.16-22.34.36:654][  0]LogConfig: Setting CVar [[r.DOF.Scatter.MaxSpriteRatio:0.1         ; only a maximum of 10% of scattered bokeh]]
[2021.03.16-22.34.36:654][  0]LogConfig: Setting CVar [[r.DOF.Recombine.Quality:1                ; cheap slight out of focus]]
[2021.03.16-22.34.36:654][  0]LogConfig: Setting CVar [[r.DOF.Recombine.EnableBokehSettings:0    ; no bokeh simulation on slight out of focus]]
[2021.03.16-22.34.36:654][  0]LogConfig: Setting CVar [[r.DOF.TemporalAAQuality:1                ; more stable temporal accumulation]]
[2021.03.16-22.34.36:654][  0]LogConfig: Setting CVar [[r.DOF.Kernel.MaxForegroundRadius:0.025]]
[2021.03.16-22.34.36:654][  0]LogConfig: Setting CVar [[r.DOF.Kernel.MaxBackgroundRadius:0.025]]
[2021.03.16-22.34.36:654][  0]LogConfig: Applying CVar settings from Section [TextureQuality@3] File [E:/Documentos Importantes/ENTI/2o/Proyecto II/Slime Lord COMPARTIDO/Slime_Lord/Unreal/Prototipo_Slime_lord/Saved/Config/Windows/Scalability.ini]
[2021.03.16-22.34.36:654][  0]LogConfig: Setting CVar [[r.Streaming.MipBias:0]]
[2021.03.16-22.34.36:654][  0]LogConfig: Setting CVar [[r.Streaming.AmortizeCPUToGPUCopy:0]]
[2021.03.16-22.34.36:654][  0]LogConfig: Setting CVar [[r.Streaming.MaxNumTexturesToStreamPerFrame:0]]
[2021.03.16-22.34.36:654][  0]LogConfig: Setting CVar [[r.Streaming.Boost:1]]
[2021.03.16-22.34.36:654][  0]LogConfig: Setting CVar [[r.MaxAnisotropy:8]]
[2021.03.16-22.34.36:654][  0]LogConfig: Setting CVar [[r.VT.MaxAnisotropy:8]]
[2021.03.16-22.34.36:654][  0]LogConfig: Setting CVar [[r.Streaming.LimitPoolSizeToVRAM:0]]
[2021.03.16-22.34.36:654][  0]LogConfig: Setting CVar [[r.Streaming.PoolSize:1000]]
[2021.03.16-22.34.36:654][  0]LogConfig: Setting CVar [[r.Streaming.MaxEffectiveScreenSize:0]]
[2021.03.16-22.34.36:654][  0]LogConfig: Applying CVar settings from Section [EffectsQuality@3] File [E:/Documentos Importantes/ENTI/2o/Proyecto II/Slime Lord COMPARTIDO/Slime_Lord/Unreal/Prototipo_Slime_lord/Saved/Config/Windows/Scalability.ini]
[2021.03.16-22.34.36:654][  0]LogConfig: Setting CVar [[r.TranslucencyLightingVolumeDim:64]]
[2021.03.16-22.34.36:654][  0]LogConfig: Setting CVar [[r.RefractionQuality:2]]
[2021.03.16-22.34.36:654][  0]LogConfig: Setting CVar [[r.SSR.Quality:3]]
[2021.03.16-22.34.36:654][  0]LogConfig: Setting CVar [[r.SSR.HalfResSceneColor:0]]
[2021.03.16-22.34.36:654][  0]LogConfig: Setting CVar [[r.SceneColorFormat:4]]
[2021.03.16-22.34.36:654][  0]LogConfig: Setting CVar [[r.DetailMode:2]]
[2021.03.16-22.34.36:654][  0]LogConfig: Setting CVar [[r.TranslucencyVolumeBlur:1]]
[2021.03.16-22.34.36:654][  0]LogConfig: Setting CVar [[r.MaterialQualityLevel:1 ; High quality]]
[2021.03.16-22.34.36:654][  0]LogConfig: Setting CVar [[r.SSS.Scale:1]]
[2021.03.16-22.34.36:654][  0]LogConfig: Setting CVar [[r.SSS.SampleSet:2]]
[2021.03.16-22.34.36:654][  0]LogConfig: Setting CVar [[r.SSS.Quality:1]]
[2021.03.16-22.34.36:654][  0]LogConfig: Setting CVar [[r.SSS.HalfRes:1]]
[2021.03.16-22.34.36:654][  0]LogConfig: Setting CVar [[r.SSGI.Quality:3]]
[2021.03.16-22.34.36:654][  0]LogConfig: Setting CVar [[r.EmitterSpawnRateScale:1.0]]
[2021.03.16-22.34.36:654][  0]LogConfig: Setting CVar [[r.ParticleLightQuality:2]]
[2021.03.16-22.34.36:654][  0]LogConfig: Setting CVar [[r.SkyAtmosphere.AerialPerspectiveLUT.FastApplyOnOpaque:1 ; Always have FastSkyLUT 1 in this case to avoid wrong sky]]
[2021.03.16-22.34.36:654][  0]LogConfig: Setting CVar [[r.SkyAtmosphere.AerialPerspectiveLUT.SampleCountPerSlice:1]]
[2021.03.16-22.34.36:654][  0]LogConfig: Setting CVar [[r.SkyAtmosphere.AerialPerspectiveLUT.DepthResolution:16.0]]
[2021.03.16-22.34.36:654][  0]LogConfig: Setting CVar [[r.SkyAtmosphere.FastSkyLUT:1]]
[2021.03.16-22.34.36:654][  0]LogConfig: Setting CVar [[r.SkyAtmosphere.FastSkyLUT.SampleCountMin:4.0]]
[2021.03.16-22.34.36:654][  0]LogConfig: Setting CVar [[r.SkyAtmosphere.FastSkyLUT.SampleCountMax:32.0]]
[2021.03.16-22.34.36:655][  0]LogConfig: Setting CVar [[r.SkyAtmosphere.SampleCountMin:4.0]]
[2021.03.16-22.34.36:655][  0]LogConfig: Setting CVar [[r.SkyAtmosphere.SampleCountMax:32.0]]
[2021.03.16-22.34.36:655][  0]LogConfig: Setting CVar [[r.SkyAtmosphere.TransmittanceLUT.UseSmallFormat:0]]
[2021.03.16-22.34.36:655][  0]LogConfig: Setting CVar [[r.SkyAtmosphere.TransmittanceLUT.SampleCount:10.0]]
[2021.03.16-22.34.36:655][  0]LogConfig: Setting CVar [[r.SkyAtmosphere.MultiScatteringLUT.SampleCount:15.0]]
[2021.03.16-22.34.36:655][  0]LogConfig: Applying CVar settings from Section [FoliageQuality@3] File [E:/Documentos Importantes/ENTI/2o/Proyecto II/Slime Lord COMPARTIDO/Slime_Lord/Unreal/Prototipo_Slime_lord/Saved/Config/Windows/Scalability.ini]
[2021.03.16-22.34.36:655][  0]LogConfig: Setting CVar [[foliage.DensityScale:1.0]]
[2021.03.16-22.34.36:655][  0]LogConfig: Setting CVar [[grass.DensityScale:1.0]]
[2021.03.16-22.34.36:655][  0]LogConfig: Applying CVar settings from Section [ShadingQuality@3] File [E:/Documentos Importantes/ENTI/2o/Proyecto II/Slime Lord COMPARTIDO/Slime_Lord/Unreal/Prototipo_Slime_lord/Saved/Config/Windows/Scalability.ini]
[2021.03.16-22.34.36:655][  0]LogConfig: Setting CVar [[r.HairStrands.SkyLighting.SampleCount:16]]
[2021.03.16-22.34.36:655][  0]LogConfig: Setting CVar [[r.HairStrands.SkyLighting.JitterIntegration:0]]
[2021.03.16-22.34.36:655][  0]LogConfig: Setting CVar [[r.HairStrands.SkyAO.SampleCount:16]]
[2021.03.16-22.34.36:655][  0]LogInit: Selected Device Profile: [Windows]
[2021.03.16-22.34.36:655][  0]LogInit: Applying CVar settings loaded from the selected device profile: [Windows]
[2021.03.16-22.34.36:657][  0]LogHAL: Display: Platform has ~ 16 GB [17116475392 / 17179869184 / 16], which maps to Larger [LargestMinGB=32, LargerMinGB=12, DefaultMinGB=8, SmallerMinGB=6, SmallestMinGB=0)
[2021.03.16-22.34.36:657][  0]LogInit: Going up to parent DeviceProfile []
[2021.03.16-22.34.36:657][  0]LogConfig: Applying CVar settings from Section [ViewDistanceQuality@3] File [E:/Documentos Importantes/ENTI/2o/Proyecto II/Slime Lord COMPARTIDO/Slime_Lord/Unreal/Prototipo_Slime_lord/Saved/Config/Windows/Scalability.ini]
[2021.03.16-22.34.36:657][  0]LogConfig: Setting CVar [[r.SkeletalMeshLODBias:0]]
[2021.03.16-22.34.36:657][  0]LogConfig: Setting CVar [[r.ViewDistanceScale:1.0]]
[2021.03.16-22.34.36:657][  0]LogConfig: Applying CVar settings from Section [AntiAliasingQuality@3] File [E:/Documentos Importantes/ENTI/2o/Proyecto II/Slime Lord COMPARTIDO/Slime_Lord/Unreal/Prototipo_Slime_lord/Saved/Config/Windows/Scalability.ini]
[2021.03.16-22.34.36:657][  0]LogConfig: Setting CVar [[r.PostProcessAAQuality:4]]
[2021.03.16-22.34.36:657][  0]LogConfig: Applying CVar settings from Section [ShadowQuality@3] File [E:/Documentos Importantes/ENTI/2o/Proyecto II/Slime Lord COMPARTIDO/Slime_Lord/Unreal/Prototipo_Slime_lord/Saved/Config/Windows/Scalability.ini]
[2021.03.16-22.34.36:657][  0]LogConfig: Setting CVar [[r.LightFunctionQuality:1]]
[2021.03.16-22.34.36:657][  0]LogConfig: Setting CVar [[r.ShadowQuality:5]]
[2021.03.16-22.34.36:657][  0]LogConfig: Setting CVar [[r.Shadow.CSM.MaxCascades:10]]
[2021.03.16-22.34.36:657][  0]LogConfig: Setting CVar [[r.Shadow.MaxResolution:2048]]
[2021.03.16-22.34.36:657][  0]LogConfig: Setting CVar [[r.Shadow.MaxCSMResolution:2048]]
[2021.03.16-22.34.36:657][  0]LogConfig: Setting CVar [[r.Shadow.RadiusThreshold:0.01]]
[2021.03.16-22.34.36:657][  0]LogConfig: Setting CVar [[r.Shadow.DistanceScale:1.0]]
[2021.03.16-22.34.36:657][  0]LogConfig: Setting CVar [[r.Shadow.CSM.TransitionScale:1.0]]
[2021.03.16-22.34.36:657][  0]LogConfig: Setting CVar [[r.Shadow.PreShadowResolutionFactor:1.0]]
[2021.03.16-22.34.36:657][  0]LogConfig: Setting CVar [[r.DistanceFieldShadowing:1]]
[2021.03.16-22.34.36:657][  0]LogConfig: Setting CVar [[r.DistanceFieldAO:1]]
[2021.03.16-22.34.36:657][  0]LogConfig: Setting CVar [[r.AOQuality:2]]
[2021.03.16-22.34.36:657][  0]LogConfig: Setting CVar [[r.VolumetricFog:1]]
[2021.03.16-22.34.36:657][  0]LogConfig: Setting CVar [[r.VolumetricFog.GridPixelSize:8]]
[2021.03.16-22.34.36:657][  0]LogConfig: Setting CVar [[r.VolumetricFog.GridSizeZ:128]]
[2021.03.16-22.34.36:657][  0]LogConfig: Setting CVar [[r.VolumetricFog.HistoryMissSupersampleCount:4]]
[2021.03.16-22.34.36:657][  0]LogConfig: Setting CVar [[r.LightMaxDrawDistanceScale:1]]
[2021.03.16-22.34.36:657][  0]LogConfig: Setting CVar [[r.CapsuleShadows:1]]
[2021.03.16-22.34.36:657][  0]LogConfig: Applying CVar settings from Section [PostProcessQuality@3] File [E:/Documentos Importantes/ENTI/2o/Proyecto II/Slime Lord COMPARTIDO/Slime_Lord/Unreal/Prototipo_Slime_lord/Saved/Config/Windows/Scalability.ini]
[2021.03.16-22.34.36:658][  0]LogConfig: Setting CVar [[r.MotionBlurQuality:4]]
[2021.03.16-22.34.36:658][  0]LogConfig: Setting CVar [[r.AmbientOcclusionMipLevelFactor:0.4]]
[2021.03.16-22.34.36:658][  0]LogConfig: Setting CVar [[r.AmbientOcclusionMaxQuality:100]]
[2021.03.16-22.34.36:658][  0]LogConfig: Setting CVar [[r.AmbientOcclusionLevels:-1]]
[2021.03.16-22.34.36:658][  0]LogConfig: Setting CVar [[r.AmbientOcclusionRadiusScale:1.0]]
[2021.03.16-22.34.36:658][  0]LogConfig: Setting CVar [[r.DepthOfFieldQuality:2]]
[2021.03.16-22.34.36:658][  0]LogConfig: Setting CVar [[r.RenderTargetPoolMin:400]]
[2021.03.16-22.34.36:658][  0]LogConfig: Setting CVar [[r.LensFlareQuality:2]]
[2021.03.16-22.34.36:658][  0]LogConfig: Setting CVar [[r.SceneColorFringeQuality:1]]
[2021.03.16-22.34.36:658][  0]LogConfig: Setting CVar [[r.EyeAdaptationQuality:2]]
[2021.03.16-22.34.36:658][  0]LogConfig: Setting CVar [[r.BloomQuality:5]]
[2021.03.16-22.34.36:658][  0]LogConfig: Setting CVar [[r.FastBlurThreshold:100]]
[2021.03.16-22.34.36:658][  0]LogConfig: Setting CVar [[r.Upscale.Quality:3]]
[2021.03.16-22.34.36:658][  0]LogConfig: Setting CVar [[r.Tonemapper.GrainQuantization:1]]
[2021.03.16-22.34.36:658][  0]LogConfig: Setting CVar [[r.LightShaftQuality:1]]
[2021.03.16-22.34.36:658][  0]LogConfig: Setting CVar [[r.Filter.SizeScale:1]]
[2021.03.16-22.34.36:658][  0]LogConfig: Setting CVar [[r.Tonemapper.Quality:5]]
[2021.03.16-22.34.36:658][  0]LogConfig: Setting CVar [[r.DOF.Gather.AccumulatorQuality:1        ; higher gathering accumulator quality]]
[2021.03.16-22.34.36:658][  0]LogConfig: Setting CVar [[r.DOF.Gather.PostfilterMethod:1          ; Median3x3 postfilering method]]
[2021.03.16-22.34.36:658][  0]LogConfig: Setting CVar [[r.DOF.Gather.EnableBokehSettings:0       ; no bokeh simulation when gathering]]
[2021.03.16-22.34.36:658][  0]LogConfig: Setting CVar [[r.DOF.Gather.RingCount:4                 ; medium number of samples when gathering]]
[2021.03.16-22.34.36:658][  0]LogConfig: Setting CVar [[r.DOF.Scatter.ForegroundCompositing:1    ; additive foreground scattering]]
[2021.03.16-22.34.36:658][  0]LogConfig: Setting CVar [[r.DOF.Scatter.BackgroundCompositing:2    ; additive background scattering]]
[2021.03.16-22.34.36:658][  0]LogConfig: Setting CVar [[r.DOF.Scatter.EnableBokehSettings:1      ; bokeh simulation when scattering]]
[2021.03.16-22.34.36:658][  0]LogConfig: Setting CVar [[r.DOF.Scatter.MaxSpriteRatio:0.1         ; only a maximum of 10% of scattered bokeh]]
[2021.03.16-22.34.36:658][  0]LogConfig: Setting CVar [[r.DOF.Recombine.Quality:1                ; cheap slight out of focus]]
[2021.03.16-22.34.36:658][  0]LogConfig: Setting CVar [[r.DOF.Recombine.EnableBokehSettings:0    ; no bokeh simulation on slight out of focus]]
[2021.03.16-22.34.36:658][  0]LogConfig: Setting CVar [[r.DOF.TemporalAAQuality:1                ; more stable temporal accumulation]]
[2021.03.16-22.34.36:658][  0]LogConfig: Setting CVar [[r.DOF.Kernel.MaxForegroundRadius:0.025]]
[2021.03.16-22.34.36:658][  0]LogConfig: Setting CVar [[r.DOF.Kernel.MaxBackgroundRadius:0.025]]
[2021.03.16-22.34.36:658][  0]LogConfig: Applying CVar settings from Section [TextureQuality@3] File [E:/Documentos Importantes/ENTI/2o/Proyecto II/Slime Lord COMPARTIDO/Slime_Lord/Unreal/Prototipo_Slime_lord/Saved/Config/Windows/Scalability.ini]
[2021.03.16-22.34.36:658][  0]LogConfig: Setting CVar [[r.Streaming.MipBias:0]]
[2021.03.16-22.34.36:658][  0]LogConfig: Setting CVar [[r.Streaming.AmortizeCPUToGPUCopy:0]]
[2021.03.16-22.34.36:658][  0]LogConfig: Setting CVar [[r.Streaming.MaxNumTexturesToStreamPerFrame:0]]
[2021.03.16-22.34.36:658][  0]LogConfig: Setting CVar [[r.Streaming.Boost:1]]
[2021.03.16-22.34.36:658][  0]LogConfig: Setting CVar [[r.MaxAnisotropy:8]]
[2021.03.16-22.34.36:658][  0]LogConfig: Setting CVar [[r.VT.MaxAnisotropy:8]]
[2021.03.16-22.34.36:658][  0]LogConfig: Setting CVar [[r.Streaming.LimitPoolSizeToVRAM:0]]
[2021.03.16-22.34.36:658][  0]LogConfig: Setting CVar [[r.Streaming.PoolSize:1000]]
[2021.03.16-22.34.36:658][  0]LogConfig: Setting CVar [[r.Streaming.MaxEffectiveScreenSize:0]]
[2021.03.16-22.34.36:658][  0]LogConfig: Applying CVar settings from Section [EffectsQuality@3] File [E:/Documentos Importantes/ENTI/2o/Proyecto II/Slime Lord COMPARTIDO/Slime_Lord/Unreal/Prototipo_Slime_lord/Saved/Config/Windows/Scalability.ini]
[2021.03.16-22.34.36:658][  0]LogConfig: Setting CVar [[r.TranslucencyLightingVolumeDim:64]]
[2021.03.16-22.34.36:658][  0]LogConfig: Setting CVar [[r.RefractionQuality:2]]
[2021.03.16-22.34.36:658][  0]LogConfig: Setting CVar [[r.SSR.Quality:3]]
[2021.03.16-22.34.36:658][  0]LogConfig: Setting CVar [[r.SSR.HalfResSceneColor:0]]
[2021.03.16-22.34.36:658][  0]LogConfig: Setting CVar [[r.SceneColorFormat:4]]
[2021.03.16-22.34.36:658][  0]LogConfig: Setting CVar [[r.DetailMode:2]]
[2021.03.16-22.34.36:658][  0]LogConfig: Setting CVar [[r.TranslucencyVolumeBlur:1]]
[2021.03.16-22.34.36:658][  0]LogConfig: Setting CVar [[r.MaterialQualityLevel:1 ; High quality]]
[2021.03.16-22.34.36:658][  0]LogConfig: Setting CVar [[r.SSS.Scale:1]]
[2021.03.16-22.34.36:658][  0]LogConfig: Setting CVar [[r.SSS.SampleSet:2]]
[2021.03.16-22.34.36:658][  0]LogConfig: Setting CVar [[r.SSS.Quality:1]]
[2021.03.16-22.34.36:658][  0]LogConfig: Setting CVar [[r.SSS.HalfRes:1]]
[2021.03.16-22.34.36:658][  0]LogConfig: Setting CVar [[r.SSGI.Quality:3]]
[2021.03.16-22.34.36:658][  0]LogConfig: Setting CVar [[r.EmitterSpawnRateScale:1.0]]
[2021.03.16-22.34.36:658][  0]LogConfig: Setting CVar [[r.ParticleLightQuality:2]]
[2021.03.16-22.34.36:658][  0]LogConfig: Setting CVar [[r.SkyAtmosphere.AerialPerspectiveLUT.FastApplyOnOpaque:1 ; Always have FastSkyLUT 1 in this case to avoid wrong sky]]
[2021.03.16-22.34.36:658][  0]LogConfig: Setting CVar [[r.SkyAtmosphere.AerialPerspectiveLUT.SampleCountPerSlice:1]]
[2021.03.16-22.34.36:658][  0]LogConfig: Setting CVar [[r.SkyAtmosphere.AerialPerspectiveLUT.DepthResolution:16.0]]
[2021.03.16-22.34.36:658][  0]LogConfig: Setting CVar [[r.SkyAtmosphere.FastSkyLUT:1]]
[2021.03.16-22.34.36:658][  0]LogConfig: Setting CVar [[r.SkyAtmosphere.FastSkyLUT.SampleCountMin:4.0]]
[2021.03.16-22.34.36:658][  0]LogConfig: Setting CVar [[r.SkyAtmosphere.FastSkyLUT.SampleCountMax:32.0]]
[2021.03.16-22.34.36:658][  0]LogConfig: Setting CVar [[r.SkyAtmosphere.SampleCountMin:4.0]]
[2021.03.16-22.34.36:658][  0]LogConfig: Setting CVar [[r.SkyAtmosphere.SampleCountMax:32.0]]
[2021.03.16-22.34.36:658][  0]LogConfig: Setting CVar [[r.SkyAtmosphere.TransmittanceLUT.UseSmallFormat:0]]
[2021.03.16-22.34.36:658][  0]LogConfig: Setting CVar [[r.SkyAtmosphere.TransmittanceLUT.SampleCount:10.0]]
[2021.03.16-22.34.36:658][  0]LogConfig: Setting CVar [[r.SkyAtmosphere.MultiScatteringLUT.SampleCount:15.0]]
[2021.03.16-22.34.36:658][  0]LogConfig: Applying CVar settings from Section [FoliageQuality@3] File [E:/Documentos Importantes/ENTI/2o/Proyecto II/Slime Lord COMPARTIDO/Slime_Lord/Unreal/Prototipo_Slime_lord/Saved/Config/Windows/Scalability.ini]
[2021.03.16-22.34.36:658][  0]LogConfig: Setting CVar [[foliage.DensityScale:1.0]]
[2021.03.16-22.34.36:658][  0]LogConfig: Setting CVar [[grass.DensityScale:1.0]]
[2021.03.16-22.34.36:659][  0]LogConfig: Applying CVar settings from Section [ShadingQuality@3] File [E:/Documentos Importantes/ENTI/2o/Proyecto II/Slime Lord COMPARTIDO/Slime_Lord/Unreal/Prototipo_Slime_lord/Saved/Config/Windows/Scalability.ini]
[2021.03.16-22.34.36:659][  0]LogConfig: Setting CVar [[r.HairStrands.SkyLighting.SampleCount:16]]
[2021.03.16-22.34.36:659][  0]LogConfig: Setting CVar [[r.HairStrands.SkyLighting.JitterIntegration:0]]
[2021.03.16-22.34.36:659][  0]LogConfig: Setting CVar [[r.HairStrands.SkyAO.SampleCount:16]]
[2021.03.16-22.34.36:659][  0]LogConfig: Applying CVar settings from Section [Startup] File [../../../Engine/Config/ConsoleVariables.ini]
[2021.03.16-22.34.36:659][  0]LogConfig: Setting CVar [[net.UseAdaptiveNetUpdateFrequency:0]]
[2021.03.16-22.34.36:659][  0]LogConfig: Setting CVar [[p.chaos.AllowCreatePhysxBodies:1]]
[2021.03.16-22.34.36:659][  0]LogConfig: Applying CVar settings from Section [ConsoleVariables] File [E:/Documentos Importantes/ENTI/2o/Proyecto II/Slime Lord COMPARTIDO/Slime_Lord/Unreal/Prototipo_Slime_lord/Saved/Config/Windows/Engine.ini]
[2021.03.16-22.34.36:659][  0]LogInit: Computer: DESKTOP-96QSINR
[2021.03.16-22.34.36:659][  0]LogInit: User: Alan
[2021.03.16-22.34.36:659][  0]LogInit: CPU Page size=4096, Cores=6
[2021.03.16-22.34.36:659][  0]LogInit: High frequency timer resolution =10.000000 MHz
[2021.03.16-22.34.36:659][  0]LogMemory: Memory total: Physical=15.9GB (16GB approx)
[2021.03.16-22.34.36:659][  0]LogMemory: Platform Memory Stats for Windows
[2021.03.16-22.34.36:659][  0]LogMemory: Process Physical Memory: 106.18 MB used, 106.19 MB peak
[2021.03.16-22.34.36:659][  0]LogMemory: Process Virtual Memory: 100.30 MB used, 100.30 MB peak
[2021.03.16-22.34.36:659][  0]LogMemory: Physical Memory: 4761.95 MB used,  11561.59 MB free, 16323.54 MB total
[2021.03.16-22.34.36:659][  0]LogMemory: Virtual Memory: 5133.44 MB used,  134212592.00 MB free, 134217728.00 MB total
[2021.03.16-22.34.36:662][  0]LogWindows: WindowsPlatformFeatures enabled
[2021.03.16-22.34.36:699][  0]LogInit: Overriding language with editor language configuration option (en).
[2021.03.16-22.34.36:699][  0]LogInit: Overriding locale with editor locale configuration option (en).
[2021.03.16-22.34.36:858][  0]LogInit: Setting process to per monitor DPI aware
[2021.03.16-22.34.36:885][  0]LogSlate: New Slate User Created.  User Index 0, Is Virtual User: 0
[2021.03.16-22.34.36:885][  0]LogSlate: Slate User Registered.  User Index 0, Is Virtual User: 0
[2021.03.16-22.34.37:018][  0]LogHMD: Failed to initialize OpenVR with code 110
[2021.03.16-22.34.37:018][  0]LogD3D11RHI: D3D11 min allowed feature level: 11_0
[2021.03.16-22.34.37:018][  0]LogD3D11RHI: D3D11 max allowed feature level: 11_0
[2021.03.16-22.34.37:018][  0]LogD3D11RHI: D3D11 adapters:
[2021.03.16-22.34.37:143][  0]LogD3D11RHI:    0. 'NVIDIA GeForce GTX 1060 6GB' (Feature Level 11_0)
[2021.03.16-22.34.37:143][  0]LogD3D11RHI:       6052/0/8161 MB DedicatedVideo/DedicatedSystem/SharedSystem, Outputs:1, VendorId:0x10de
[2021.03.16-22.34.37:146][  0]LogD3D11RHI:    1. 'Microsoft Basic Render Driver' (Feature Level 11_0)
[2021.03.16-22.34.37:146][  0]LogD3D11RHI:       0/0/8161 MB DedicatedVideo/DedicatedSystem/SharedSystem, Outputs:0, VendorId:0x1414
[2021.03.16-22.34.37:146][  0]LogD3D11RHI: Chosen D3D11 Adapter: 0
[2021.03.16-22.34.37:151][  0]LogD3D11RHI: Creating new Direct3DDevice
[2021.03.16-22.34.37:151][  0]LogD3D11RHI:     GPU DeviceId: 0x1c03 (for the marketing name, search the web for "GPU Device Id")
[2021.03.16-22.34.37:151][  0]LogWindows: EnumDisplayDevices:
[2021.03.16-22.34.37:151][  0]LogWindows:    0. 'NVIDIA GeForce GTX 1060 6GB' (P:1 D:1)
[2021.03.16-22.34.37:152][  0]LogWindows:    1. 'NVIDIA GeForce GTX 1060 6GB' (P:0 D:0)
[2021.03.16-22.34.37:152][  0]LogWindows:    2. 'NVIDIA GeForce GTX 1060 6GB' (P:0 D:0)
[2021.03.16-22.34.37:152][  0]LogWindows:    3. 'NVIDIA GeForce GTX 1060 6GB' (P:0 D:0)
[2021.03.16-22.34.37:152][  0]LogWindows: DebugString: FoundDriverCount:4 
[2021.03.16-22.34.37:152][  0]LogD3D11RHI:     Adapter Name: NVIDIA GeForce GTX 1060 6GB
[2021.03.16-22.34.37:152][  0]LogD3D11RHI:   Driver Version: 460.79 (internal:27.21.14.6079, unified:460.79)
[2021.03.16-22.34.37:152][  0]LogD3D11RHI:      Driver Date: 12-3-2020
[2021.03.16-22.34.37:153][  0]LogRHI: Texture pool is 4236 MB (70% of 6052 MB)
[2021.03.16-22.34.37:243][  0]LogD3D11RHI: RHI has support for 64 bit atomics
[2021.03.16-22.34.37:243][  0]LogD3D11RHI: Async texture creation enabled
[2021.03.16-22.34.37:257][  0]LogD3D11RHI: GPU Timing Frequency: 1000.000000 (Debug: 2 1)
[2021.03.16-22.34.37:548][  0]LogTargetPlatformManager: Display: Loaded TargetPlatform 'AllDesktop'
[2021.03.16-22.34.37:579][  0]LogTargetPlatformManager: Display: Loaded TargetPlatform 'Android'
[2021.03.16-22.34.37:579][  0]LogTargetPlatformManager: Display: Loaded TargetPlatform 'Android_ASTC'
[2021.03.16-22.34.37:579][  0]LogTargetPlatformManager: Display: Loaded TargetPlatform 'Android_ATC'
[2021.03.16-22.34.37:579][  0]LogTargetPlatformManager: Display: Loaded TargetPlatform 'Android_DXT'
[2021.03.16-22.34.37:579][  0]LogTargetPlatformManager: Display: Loaded TargetPlatform 'Android_ETC1'
[2021.03.16-22.34.37:579][  0]LogTargetPlatformManager: Display: Loaded TargetPlatform 'Android_ETC1a'
[2021.03.16-22.34.37:579][  0]LogTargetPlatformManager: Display: Loaded TargetPlatform 'Android_ETC2'
[2021.03.16-22.34.37:579][  0]LogTargetPlatformManager: Display: Loaded TargetPlatform 'Android_PVRTC'
[2021.03.16-22.34.37:579][  0]LogTargetPlatformManager: Display: Loaded TargetPlatform 'AndroidClient'
[2021.03.16-22.34.37:579][  0]LogTargetPlatformManager: Display: Loaded TargetPlatform 'Android_ASTCClient'
[2021.03.16-22.34.37:579][  0]LogTargetPlatformManager: Display: Loaded TargetPlatform 'Android_ATCClient'
[2021.03.16-22.34.37:579][  0]LogTargetPlatformManager: Display: Loaded TargetPlatform 'Android_DXTClient'
[2021.03.16-22.34.37:579][  0]LogTargetPlatformManager: Display: Loaded TargetPlatform 'Android_ETC1Client'
[2021.03.16-22.34.37:579][  0]LogTargetPlatformManager: Display: Loaded TargetPlatform 'Android_ETC1aClient'
[2021.03.16-22.34.37:579][  0]LogTargetPlatformManager: Display: Loaded TargetPlatform 'Android_ETC2Client'
[2021.03.16-22.34.37:579][  0]LogTargetPlatformManager: Display: Loaded TargetPlatform 'Android_PVRTCClient'
[2021.03.16-22.34.37:579][  0]LogTargetPlatformManager: Display: Loaded TargetPlatform 'Android_Multi'
[2021.03.16-22.34.37:579][  0]LogTargetPlatformManager: Display: Loaded TargetPlatform 'Android_MultiClient'
[2021.03.16-22.34.37:597][  0]LogTargetPlatformManager: Display: Loaded TargetPlatform 'IOSClient'
[2021.03.16-22.34.37:597][  0]LogTargetPlatformManager: Display: Loaded TargetPlatform 'IOS'
[2021.03.16-22.34.37:604][  0]LogTargetPlatformManager: Display: Loaded TargetPlatform 'LinuxNoEditor'
[2021.03.16-22.34.37:612][  0]LogTargetPlatformManager: Display: Loaded TargetPlatform 'LinuxClient'
[2021.03.16-22.34.37:619][  0]LogTargetPlatformManager: Display: Loaded TargetPlatform 'LinuxServer'
[2021.03.16-22.34.37:626][  0]LogTargetPlatformManager: Display: Loaded TargetPlatform 'LinuxAArch64NoEditor'
[2021.03.16-22.34.37:633][  0]LogTargetPlatformManager: Display: Loaded TargetPlatform 'LinuxAArch64Client'
[2021.03.16-22.34.37:640][  0]LogTargetPlatformManager: Display: Loaded TargetPlatform 'LinuxAArch64Server'
[2021.03.16-22.34.37:664][  0]LogTargetPlatformManager: Display: Loaded TargetPlatform 'Lumin'
[2021.03.16-22.34.37:664][  0]LogTargetPlatformManager: Display: Loaded TargetPlatform 'LuminClient'
[2021.03.16-22.34.37:678][  0]LogTargetPlatformManager: Display: Loaded TargetPlatform 'TVOSClient'
[2021.03.16-22.34.37:678][  0]LogTargetPlatformManager: Display: Loaded TargetPlatform 'TVOS'
[2021.03.16-22.34.37:685][  0]LogTargetPlatformManager: Display: Loaded TargetPlatform 'WindowsNoEditor'
[2021.03.16-22.34.37:693][  0]LogTargetPlatformManager: Display: Loaded TargetPlatform 'Windows'
[2021.03.16-22.34.37:700][  0]LogTargetPlatformManager: Display: Loaded TargetPlatform 'WindowsClient'
[2021.03.16-22.34.37:707][  0]LogTargetPlatformManager: Display: Loaded TargetPlatform 'WindowsServer'
[2021.03.16-22.34.37:707][  0]LogTargetPlatformManager: Display: Building Assets For Windows
[2021.03.16-22.34.37:710][  0]LogAudioDebug: Display: Lib vorbis DLL was dynamically loaded.
[2021.03.16-22.34.37:731][  0]LogShaderCompilers: Guid format shader working directory is -70 characters bigger than the processId version (../../../../Documentos Importantes/ENTI/2o/Proyecto II/Slime Lord COMPARTIDO/Slime_Lord/Unreal/Prototipo_Slime_lord/Intermediate/Shaders/WorkingDirectory/8396/).
[2021.03.16-22.34.37:731][  0]LogShaderCompilers: Cleaned the shader compiler working directory 'C:/Users/Alan/AppData/Local/Temp/UnrealShaderWorkingDir/142088AA4199CCE8A4C8AE84C5B4C538/'.
[2021.03.16-22.34.37:731][  0]LogXGEController: Cleaning working directory: C:/Users/Alan/AppData/Local/Temp/UnrealXGEWorkingDir/
[2021.03.16-22.34.37:731][  0]LogXGEController: Cannot use XGE Controller as Incredibuild is not installed on this machine.
[2021.03.16-22.34.37:732][  0]LogShaderCompilers: Cannot use XGE Shader Compiler as Incredibuild is not installed on this machine.
[2021.03.16-22.34.37:732][  0]LogShaderCompilers: Display: Using Local Shader Compiler.
[2021.03.16-22.34.38:464][  0]LogDerivedDataCache: Display: Max Cache Size: 512 MB
[2021.03.16-22.34.38:515][  0]LogDerivedDataCache: Loaded boot cache 0.05s 78MB C:/Users/Alan/AppData/Local/UnrealEngine/4.24/DerivedDataCache/Boot.ddc.
[2021.03.16-22.34.38:515][  0]LogDerivedDataCache: Display: Loaded Boot cache: C:/Users/Alan/AppData/Local/UnrealEngine/4.24/DerivedDataCache/Boot.ddc
[2021.03.16-22.34.38:515][  0]LogDerivedDataCache: FDerivedDataBackendGraph:  Pak pak cache file ../../../../Documentos Importantes/ENTI/2o/Proyecto II/Slime Lord COMPARTIDO/Slime_Lord/Unreal/Prototipo_Slime_lord/DerivedDataCache/DDC.ddp not found, will not use a pak cache.
[2021.03.16-22.34.38:515][  0]LogDerivedDataCache: Unable to find inner node Pak for hierarchical cache Hierarchy.
[2021.03.16-22.34.38:515][  0]LogDerivedDataCache: FDerivedDataBackendGraph:  CompressedPak pak cache file ../../../../Documentos Importantes/ENTI/2o/Proyecto II/Slime Lord COMPARTIDO/Slime_Lord/Unreal/Prototipo_Slime_lord/DerivedDataCache/Compressed.ddp not found, will not use a pak cache.
[2021.03.16-22.34.38:515][  0]LogDerivedDataCache: Unable to find inner node CompressedPak for hierarchical cache Hierarchy.
[2021.03.16-22.34.38:526][  0]LogDerivedDataCache: Display: Pak cache opened for reading ../../../Engine/DerivedDataCache/Compressed.ddp.
[2021.03.16-22.34.38:526][  0]LogDerivedDataCache: FDerivedDataBackendGraph:  EnterprisePak pak cache file ../../../Enterprise/DerivedDataCache/Compressed.ddp not found, will not use a pak cache.
[2021.03.16-22.34.38:526][  0]LogDerivedDataCache: Unable to find inner node EnterprisePak for hierarchical cache Hierarchy.
[2021.03.16-22.34.38:528][  0]LogDerivedDataCache: Using Local data cache path C:/Users/Alan/AppData/Local/UnrealEngine/Common/DerivedDataCache: Writable
[2021.03.16-22.34.38:528][  0]LogDerivedDataCache: Shared data cache path not found in *engine.ini, will not use an Shared cache.
[2021.03.16-22.34.38:528][  0]LogDerivedDataCache: Unable to find inner node Shared for hierarchical cache Hierarchy.
[2021.03.16-22.34.38:552][  0]LogMaterial: Verifying Global Shaders for PCD3D_SM5
[2021.03.16-22.34.38:555][  0]LogSlate: Using FreeType 2.10.0
[2021.03.16-22.34.38:555][  0]LogSlate: SlateFontServices - WITH_FREETYPE: 1, WITH_HARFBUZZ: 1
[2021.03.16-22.34.38:608][  0]LogAssetRegistry: FAssetRegistry took 0.0023 seconds to start up
[2021.03.16-22.34.38:884][  0]LogInit: Selected Device Profile: [Windows]
[2021.03.16-22.34.39:035][  0]LogMeshReduction: Using QuadricMeshReduction for automatic static mesh reduction
[2021.03.16-22.34.39:035][  0]LogMeshReduction: Using SimplygonMeshReduction for automatic skeletal mesh reduction
[2021.03.16-22.34.39:035][  0]LogMeshReduction: Using ProxyLODMeshReduction for automatic mesh merging
[2021.03.16-22.34.39:035][  0]LogMeshReduction: No distributed automatic mesh merging module available
[2021.03.16-22.34.39:035][  0]LogMeshMerging: No distributed automatic mesh merging module available
[2021.03.16-22.34.39:046][  0]LogNetVersion: Prototipo_Slime_lord 1.0.0, NetCL: 10570792, EngineNetVer: 13, GameNetVer: 0 (Checksum: 4117905438)
[2021.03.16-22.34.40:049][  0]LogPackageLocalizationCache: Processed 10 localized package path(s) for 1 prioritized culture(s) in 0.036516 seconds
[2021.03.16-22.34.40:056][  0]LogUObjectArray: 46753 objects as part of root set at end of initial load.
[2021.03.16-22.34.40:056][  0]LogUObjectAllocator: 8137816 out of 0 bytes used by permanent object pool.
[2021.03.16-22.34.40:056][  0]LogUObjectArray: CloseDisregardForGC: 0/0 objects in disregard for GC pool
[2021.03.16-22.34.40:422][  0]LogTcpMessaging: Initializing TcpMessaging bridge
[2021.03.16-22.34.40:425][  0]LogUdpMessaging: Initializing bridge on interface 0.0.0.0:0 to multicast group 230.0.0.1:6666.
[2021.03.16-22.34.40:470][  0]SourceControl: Source control is disabled
[2021.03.16-22.34.40:470][  0]SourceControl: Source control is disabled
[2021.03.16-22.34.40:471][  0]SourceControl: Source control is disabled
[2021.03.16-22.34.40:472][  0]SourceControl: Source control is disabled
[2021.03.16-22.34.40:473][  0]SourceControl: Source control is disabled
[2021.03.16-22.34.40:543][  0]LogAndroidPermission: UAndroidPermissionCallbackProxy::GetInstance
[2021.03.16-22.34.40:553][  0]LogAudioCaptureCore: Display: No Audio Capture implementations found. Audio input will be silent.
[2021.03.16-22.34.40:553][  0]LogAudioCaptureCore: Display: No Audio Capture implementations found. Audio input will be silent.
[2021.03.16-22.34.40:633][  0]LogOcInput: OculusInput pre-init called
[2021.03.16-22.34.40:640][  0]LogWindows: Failed to load 'OVRPlugin.dll' (GetLastError=126)
[2021.03.16-22.34.40:640][  0]LogWindows: File 'OVRPlugin.dll' does not exist
[2021.03.16-22.34.40:704][  0]LogEngine: Initializing Engine...
[2021.03.16-22.34.40:705][  0]LogHMD: Failed to initialize OpenVR with code 110
[2021.03.16-22.34.40:706][  0]LogStats: UGameplayTagsManager::InitializeManager -  0.000 s
[2021.03.16-22.34.41:030][  0]LogInit: Initializing FReadOnlyCVARCache
[2021.03.16-22.34.41:036][  0]LogAIModule: Creating AISystem for world Untitled
[2021.03.16-22.34.41:055][  0]LogAudioMixer: Display: Audio Mixer Platform Settings:
[2021.03.16-22.34.41:056][  0]LogAudioMixer: Display: 	Sample Rate:						  48000
[2021.03.16-22.34.41:056][  0]LogAudioMixer: Display: 	Callback Buffer Frame Size Requested: 1024
[2021.03.16-22.34.41:056][  0]LogAudioMixer: Display: 	Callback Buffer Frame Size To Use:	  1024
[2021.03.16-22.34.41:056][  0]LogAudioMixer: Display: 	Number of buffers to queue:			  2
[2021.03.16-22.34.41:056][  0]LogAudioMixer: Display: 	Max Channels (voices):				  32
[2021.03.16-22.34.41:056][  0]LogAudioMixer: Display: 	Number of Async Source Workers:		  0
[2021.03.16-22.34.41:056][  0]LogAudio: Display: AudioDevice MaxSources: 32
[2021.03.16-22.34.41:056][  0]LogAudio: Display: Using built-in audio occlusion.
[2021.03.16-22.34.41:056][  0]LogAudioMixer: Display: Initializing audio mixer.
[2021.03.16-22.34.41:075][  0]LogAudioMixer: Display: Audio Device Output Speaker Info:
[2021.03.16-22.34.41:075][  0]LogAudioMixer: Display: Name: Altavoces (Realtek(R) Audio)
[2021.03.16-22.34.41:075][  0]LogAudioMixer: Display: Is Default: Yes
[2021.03.16-22.34.41:075][  0]LogAudioMixer: Display: Sample Rate: 48000
[2021.03.16-22.34.41:075][  0]LogAudioMixer: Display: Channel Count Used: 2
[2021.03.16-22.34.41:075][  0]LogAudioMixer: Display: Device Channel Count: 2
[2021.03.16-22.34.41:075][  0]LogAudioMixer: Display: Channel Order:
[2021.03.16-22.34.41:075][  0]LogAudioMixer: Display: 0: FrontLeft
[2021.03.16-22.34.41:075][  0]LogAudioMixer: Display: 1: FrontRight
[2021.03.16-22.34.41:102][  0]LogAudioMixer: Display: Using Audio Device Altavoces (Realtek(R) Audio)
[2021.03.16-22.34.41:106][  0]LogInit: FAudioDevice initialized.
[2021.03.16-22.34.41:106][  0]LogNetVersion: Set ProjectVersion to 1.0.0.0. Version Checksum will be recalculated on next use.
[2021.03.16-22.34.41:177][  0]LogDerivedDataCache: Saved boot cache 0.07s 78MB C:/Users/Alan/AppData/Local/UnrealEngine/4.24/DerivedDataCache/Boot.ddc.
[2021.03.16-22.34.41:182][  0]LogInit: Texture streaming: Enabled
[2021.03.16-22.34.41:190][  0]LogEngineSessionManager: EngineSessionManager initialized
[2021.03.16-22.34.41:190][  0]LogEditorSessionSummary: Verbose: Initializing EditorSessionSummaryWriter for editor session tracking
[2021.03.16-22.34.41:192][  0]LogEditorSessionSummary: EditorSessionSummaryWriter initialized
[2021.03.16-22.34.41:241][  0]LogInit: Transaction tracking system initialized
[2021.03.16-22.34.41:250][  0]BlueprintLog: New page: Editor Load
[2021.03.16-22.34.41:276][  0]LocalizationService: Localization service is disabled
[2021.03.16-22.34.41:537][  0]LogFileCache: Scanning file cache for directory 'E:/Documentos Importantes/ENTI/2o/Proyecto II/Slime Lord COMPARTIDO/Slime_Lord/Unreal/Prototipo_Slime_lord/Content/' took 0.00s
[2021.03.16-22.34.41:537][  0]LogCook: Display: Max memory allowance for cook 16384mb min free memory 0mb
[2021.03.16-22.34.41:537][  0]LogCook: Display: Mobile HDR setting 1
[2021.03.16-22.34.42:186][  0]SourceControl: Source control is disabled
[2021.03.16-22.34.42:187][  0]LightingResults: New page: Lighting Build
[2021.03.16-22.34.42:187][  0]LogWorld: UWorld::CleanupWorld for Untitled, bSessionEnded=true, bCleanupResources=true
[2021.03.16-22.34.42:187][  0]LogSlate: InvalidateAllWidgets triggered.  All widgets were invalidated
[2021.03.16-22.34.42:187][  0]MapCheck: New page: Map Check
[2021.03.16-22.34.42:188][  0]LightingResults: New page: Lighting Build
[2021.03.16-22.34.42:217][  0]LogUObjectHash: Compacting FUObjectHashTables data took   2.04ms
[2021.03.16-22.34.42:868][  0]LogAIModule: Creating AISystem for world SlimeLord_Proto1
[2021.03.16-22.34.42:912][  0]LogEditorServer: Finished looking for orphan Actors (0.000 secs)
[2021.03.16-22.34.42:947][  0]LogUObjectHash: Compacting FUObjectHashTables data took   2.53ms
[2021.03.16-22.34.42:947][  0]Cmd: MAP CHECKDEP NOCLEARLOG
[2021.03.16-22.34.42:947][  0]MapCheck: Map check complete: 0 Error(s), 0 Warning(s), took 0.104ms to complete.
[2021.03.16-22.34.42:947][  0]LogFileHelpers: Loading map 'SlimeLord_Proto1' took 0.760
[2021.03.16-22.34.43:082][  0]LogSlate: Updating window title bar state: overlay mode, drag disabled, window buttons hidden, title bar hidden
[2021.03.16-22.34.43:089][  0]LogSlate: Updating window title bar state: overlay mode, drag disabled, window buttons hidden, title bar hidden
[2021.03.16-22.34.43:095][  0]LogSlate: Updating window title bar state: overlay mode, drag disabled, window buttons hidden, title bar hidden
[2021.03.16-22.34.43:102][  0]LogSlate: Updating window title bar state: overlay mode, drag disabled, window buttons hidden, title bar hidden
[2021.03.16-22.34.43:106][  0]LogCollectionManager: Loaded 0 collections in 0.000800 seconds
[2021.03.16-22.34.43:117][  0]LogFileCache: Scanning file cache for directory 'E:/Documentos Importantes/ENTI/2o/Proyecto II/Slime Lord COMPARTIDO/Slime_Lord/Unreal/Prototipo_Slime_lord/Saved/Collections/' took 0.00s
[2021.03.16-22.34.43:117][  0]LogFileCache: Scanning file cache for directory 'E:/Documentos Importantes/ENTI/2o/Proyecto II/Slime Lord COMPARTIDO/Slime_Lord/Unreal/Prototipo_Slime_lord/Content/Developers/Alan/Collections/' took 0.00s
[2021.03.16-22.34.43:117][  0]LogFileCache: Scanning file cache for directory 'E:/Documentos Importantes/ENTI/2o/Proyecto II/Slime Lord COMPARTIDO/Slime_Lord/Unreal/Prototipo_Slime_lord/Content/Collections/' took 0.00s
[2021.03.16-22.34.43:117][  0]LogContentBrowser: Native class hierarchy populated in 0.0081 seconds. Added 3015 classes and 717 folders.
[2021.03.16-22.34.43:121][  0]LogContentBrowser: Native class hierarchy updated for 'WidgetCarousel' in 0.0002 seconds. Added 0 classes and 0 folders.
[2021.03.16-22.34.43:167][  0]LogContentBrowser: Native class hierarchy updated for 'AddContentDialog' in 0.0002 seconds. Added 0 classes and 0 folders.
[2021.03.16-22.34.43:170][  0]LogContentBrowser: Native class hierarchy updated for 'SceneOutliner' in 0.0003 seconds. Added 2 classes and 3 folders.
[2021.03.16-22.34.43:277][  0]LogSlate: Took 0.000185 seconds to synchronously load lazily loaded font '../../../Engine/Content/Slate/Fonts/Roboto-Regular.ttf' (155K)
[2021.03.16-22.34.43:279][  0]LogSlate: Took 0.000140 seconds to synchronously load lazily loaded font '../../../Engine/Content/Slate/Fonts/Roboto-Bold.ttf' (160K)
[2021.03.16-22.34.43:283][  0]LogSlate: Took 0.000111 seconds to synchronously load lazily loaded font '../../../Engine/Content/Editor/Slate/Fonts/FontAwesome.ttf' (139K)
[2021.03.16-22.34.43:356][  0]LogRenderer: Reallocating scene render targets to support 1208x572 Format 10 NumSamples 1 (Frame:1).
[2021.03.16-22.34.43:448][  0]LogContentBrowser: Native class hierarchy updated for 'HierarchicalLODOutliner' in 0.0003 seconds. Added 0 classes and 0 folders.
[2021.03.16-22.34.43:448][  0]LogLoad: (Engine Initialization) Total time: 7.77 seconds
[2021.03.16-22.34.43:448][  0]LogLoad: (Engine Initialization) Total Blueprint compile time: 0.00 seconds
[2021.03.16-22.34.43:491][  0]LogAssetRegistry: Asset discovery search completed in 4.8843 seconds
[2021.03.16-22.34.43:495][  0]LogCollectionManager: Fixed up redirectors for 0 collections in 0.000009 seconds (updated 0 objects)
[2021.03.16-22.34.43:498][  0]LogContentStreaming: Texture pool size now 1000 MB
[2021.03.16-22.34.43:522][  0]LogSlate: Took 0.000142 seconds to synchronously load lazily loaded font '../../../Engine/Content/Slate/Fonts/Roboto-Light.ttf' (167K)
[2021.03.16-22.34.44:477][105]LogSlate: Took 0.000156 seconds to synchronously load lazily loaded font '../../../Engine/Content/Slate/Fonts/Roboto-Light.ttf' (167K)
[2021.03.16-22.34.54:453][237]LogAssetEditorSubsystem: Opening Asset editor for Blueprint /Game/SlimeLordBP/Blueprints/ThirdPersonCharacter.ThirdPersonCharacter
[2021.03.16-22.34.54:641][237]LogContentBrowser: Native class hierarchy updated for 'BlueprintGraph' in 0.0005 seconds. Added 121 classes and 0 folders.
[2021.03.16-22.34.55:499][237]LogAssetEditorSubsystem: Opening Asset editor for Blueprint /Game/SlimeLordBP/Blueprints/BloquesYPlataformas/Dianas/PuertaDiana1.PuertaDiana1
[2021.03.16-22.34.55:811][237]LogSlate: Took 0.000193 seconds to synchronously load lazily loaded font '../../../Engine/Content/Slate/Fonts/Roboto-BoldCondensed.ttf' (158K)
[2021.03.16-22.34.55:860][238]LogSlate: Took 0.000215 seconds to synchronously load lazily loaded font '../../../Engine/Content/Slate/Fonts/Roboto-Italic.ttf' (157K)
[2021.03.16-22.35.08:566][277]LogWorld: UWorld::CleanupWorld for World_3, bSessionEnded=true, bCleanupResources=true
[2021.03.16-22.35.08:566][277]LogSlate: InvalidateAllWidgets triggered.  All widgets were invalidated
[2021.03.16-22.35.10:025][427]LogSlate: Window 'PuertaDiana1' being destroyed
[2021.03.16-22.35.12:584][726]LogEditorViewport: Clicking on Actor (LMB): PinchosMovibles_C (PinchosMovibles)
[2021.03.16-22.35.15:824][ 98]LogTemp: Repeating last play command: Selected Viewport
[2021.03.16-22.35.15:837][ 98]LogBlueprintUserMessages: Early PlayInEditor Detection: Level '/Game/SlimeLordBP/Maps/SlimeLord_Proto1.SlimeLord_Proto1:PersistentLevel' has LevelScriptBlueprint '/Game/SlimeLordBP/Maps/SlimeLord_Proto1.SlimeLord_Proto1:PersistentLevel.SlimeLord_Proto1' with GeneratedClass '/Game/SlimeLordBP/Maps/SlimeLord_Proto1.SlimeLord_Proto1_C' with ClassGeneratedBy '/Game/SlimeLordBP/Maps/SlimeLord_Proto1.SlimeLord_Proto1:PersistentLevel.SlimeLord_Proto1'
[2021.03.16-22.35.15:837][ 98]LogPlayLevel: PlayLevel: No blueprints needed recompiling
[2021.03.16-22.35.15:838][ 98]PIE: New page: PIE session: SlimeLord_Proto1 (Mar 17, 2021, 12:35:15 AM)
[2021.03.16-22.35.15:838][ 98]LogOnline: OSS: Creating online subsystem instance for: NULL
[2021.03.16-22.35.15:839][ 98]LogOnline: OSS: TryLoadSubsystemAndSetDefault: Loaded subsystem for module [NULL]
[2021.03.16-22.35.15:839][ 98]LogPlayLevel: Creating play world package: /Game/SlimeLordBP/Maps/UEDPIE_0_SlimeLord_Proto1
[2021.03.16-22.35.15:859][ 98]LogPlayLevel: PIE: StaticDuplicateObject took: (0.019318s)
[2021.03.16-22.35.15:860][ 98]LogAIModule: Creating AISystem for world SlimeLord_Proto1
[2021.03.16-22.35.15:860][ 98]LogPlayLevel: PIE: World Init took: (0.000994s)
[2021.03.16-22.35.15:860][ 98]LogPlayLevel: PIE: Created PIE world by copying editor world from /Game/SlimeLordBP/Maps/SlimeLord_Proto1.SlimeLord_Proto1 to /Game/SlimeLordBP/Maps/UEDPIE_0_SlimeLord_Proto1.SlimeLord_Proto1 (0.020545s)
[2021.03.16-22.35.15:903][ 98]LogUObjectHash: Compacting FUObjectHashTables data took   3.40ms
[2021.03.16-22.35.15:906][ 98]LogAudioMixer: Display: Audio Mixer Platform Settings:
[2021.03.16-22.35.15:906][ 98]LogAudioMixer: Display: 	Sample Rate:						  48000
[2021.03.16-22.35.15:906][ 98]LogAudioMixer: Display: 	Callback Buffer Frame Size Requested: 1024
[2021.03.16-22.35.15:906][ 98]LogAudioMixer: Display: 	Callback Buffer Frame Size To Use:	  1024
[2021.03.16-22.35.15:906][ 98]LogAudioMixer: Display: 	Number of buffers to queue:			  2
[2021.03.16-22.35.15:906][ 98]LogAudioMixer: Display: 	Max Channels (voices):				  32
[2021.03.16-22.35.15:906][ 98]LogAudioMixer: Display: 	Number of Async Source Workers:		  0
[2021.03.16-22.35.15:906][ 98]LogAudio: Display: AudioDevice MaxSources: 32
[2021.03.16-22.35.15:907][ 98]LogAudio: Display: Using built-in audio occlusion.
[2021.03.16-22.35.15:907][ 98]LogAudioMixer: Display: Initializing audio mixer.
[2021.03.16-22.35.15:921][ 98]LogAudioMixer: Display: Audio Device Output Speaker Info:
[2021.03.16-22.35.15:921][ 98]LogAudioMixer: Display: Name: Altavoces (Realtek(R) Audio)
[2021.03.16-22.35.15:921][ 98]LogAudioMixer: Display: Is Default: Yes
[2021.03.16-22.35.15:921][ 98]LogAudioMixer: Display: Sample Rate: 48000
[2021.03.16-22.35.15:921][ 98]LogAudioMixer: Display: Channel Count Used: 2
[2021.03.16-22.35.15:921][ 98]LogAudioMixer: Display: Device Channel Count: 2
[2021.03.16-22.35.15:921][ 98]LogAudioMixer: Display: Channel Order:
[2021.03.16-22.35.15:921][ 98]LogAudioMixer: Display: 0: FrontLeft
[2021.03.16-22.35.15:921][ 98]LogAudioMixer: Display: 1: FrontRight
[2021.03.16-22.35.15:940][ 98]LogAudioMixer: Display: Using Audio Device Altavoces (Realtek(R) Audio)
[2021.03.16-22.35.15:942][ 98]LogInit: FAudioDevice initialized.
[2021.03.16-22.35.15:948][ 98]LogLinker: Warning: Failed to load '/Game/ThirdPersonBP/Blueprints/ThirdPersonGameMode': Can't find file.
[2021.03.16-22.35.15:948][ 98]LogLinker: Warning: Failed to load '/Game/ThirdPersonBP/Blueprints/ThirdPersonGameMode': Can't find file.
[2021.03.16-22.35.15:948][ 98]LogUObjectGlobals: Warning: Failed to find object 'Class /Game/ThirdPersonBP/Blueprints/ThirdPersonGameMode.ThirdPersonGameMode_C'
[2021.03.16-22.35.15:948][ 98]LogLoad: Game class is 'GameModeBase'
[2021.03.16-22.35.15:954][ 98]LogWorld: Bringing World /Game/SlimeLordBP/Maps/UEDPIE_0_SlimeLord_Proto1.SlimeLord_Proto1 up for play (max tick rate 0) at 2021.03.16-23.35.15
[2021.03.16-22.35.15:954][ 98]LogWorld: Bringing up level for play took: 0.004675
[2021.03.16-22.35.15:954][ 98]LogOnline: OSS: Creating online subsystem instance for: :Context_6
[2021.03.16-22.35.15:956][ 98]LogContentBrowser: Native class hierarchy updated for 'MovieSceneCapture' in 0.0003 seconds. Added 20 classes and 0 folders.
[2021.03.16-22.35.15:958][ 98]PIE: Play in editor start time for /Game/SlimeLordBP/Maps/UEDPIE_0_SlimeLord_Proto1 0.819
[2021.03.16-22.35.15:958][ 98]LogBlueprintUserMessages: Late PlayInEditor Detection: Level '/Game/SlimeLordBP/Maps/SlimeLord_Proto1.SlimeLord_Proto1:PersistentLevel' has LevelScriptBlueprint '/Game/SlimeLordBP/Maps/SlimeLord_Proto1.SlimeLord_Proto1:PersistentLevel.SlimeLord_Proto1' with GeneratedClass '/Game/SlimeLordBP/Maps/SlimeLord_Proto1.SlimeLord_Proto1_C' with ClassGeneratedBy '/Game/SlimeLordBP/Maps/SlimeLord_Proto1.SlimeLord_Proto1:PersistentLevel.SlimeLord_Proto1'
[2021.03.16-22.35.17:272][216]LogOutputDevice: Warning: 

Script Stack (2 frames):
PinchosMovibles_C.ExecuteUbergraph_PinchosMovibles
PinchosMovibles_C.PinchosArriba__UpdateFunc

[2021.03.16-22.35.17:846][216]LogStats: FPlatformStackWalk::StackWalkAndDump -  0.573 s
[2021.03.16-22.35.17:846][216]LogOutputDevice: Error: === Handled ensure: ===
[2021.03.16-22.35.17:846][216]LogOutputDevice: Error: 
[2021.03.16-22.35.17:846][216]LogOutputDevice: Error: Ensure condition failed: NewTransform.IsValid() [File:D:/Build/++UE4/Sync/Engine/Source/Runtime/Engine/Private/Components/SceneComponent.cpp] [Line: 623]
[2021.03.16-22.35.17:846][216]LogOutputDevice: Error: 
[2021.03.16-22.35.17:846][216]LogOutputDevice: Error: Stack: 
[2021.03.16-22.35.17:846][216]LogOutputDevice: Error: [Callstack] 0x00007ffb105945b9 UE4Editor-Engine.dll!UnknownFunction []
[2021.03.16-22.35.17:846][216]LogOutputDevice: Error: [Callstack] 0x00007ffb0f1f8357 UE4Editor-Engine.dll!UnknownFunction []
[2021.03.16-22.35.17:846][216]LogOutputDevice: Error: [Callstack] 0x00007ffb0f1db676 UE4Editor-Engine.dll!UnknownFunction []
[2021.03.16-22.35.17:846][216]LogOutputDevice: Error: [Callstack] 0x00007ffb0f1dd837 UE4Editor-Engine.dll!UnknownFunction []
[2021.03.16-22.35.17:846][216]LogOutputDevice: Error: [Callstack] 0x00007ffb0f1ec9bd UE4Editor-Engine.dll!UnknownFunction []
[2021.03.16-22.35.17:846][216]LogOutputDevice: Error: [Callstack] 0x00007ffb0f1efc93 UE4Editor-Engine.dll!UnknownFunction []
[2021.03.16-22.35.17:846][216]LogOutputDevice: Error: [Callstack] 0x00007ffb0f1bf734 UE4Editor-Engine.dll!UnknownFunction []
[2021.03.16-22.35.17:846][216]LogOutputDevice: Error: [Callstack] 0x00007ffb0ed1c15f UE4Editor-Engine.dll!UnknownFunction []
[2021.03.16-22.35.17:846][216]LogOutputDevice: Error: [Callstack] 0x00007ffb0ed50345 UE4Editor-Engine.dll!UnknownFunction []
[2021.03.16-22.35.17:846][216]LogOutputDevice: Error: [Callstack] 0x00007ffb0ecc438c UE4Editor-Engine.dll!UnknownFunction []
[2021.03.16-22.35.17:846][216]LogOutputDevice: Error: [Callstack] 0x00007ffb388842e8 UE4Editor-CoreUObject.dll!UnknownFunction []
[2021.03.16-22.35.17:846][216]LogOutputDevice: Error: [Callstack] 0x00007ffb38aaa62f UE4Editor-CoreUObject.dll!UnknownFunction []
[2021.03.16-22.35.17:846][216]LogOutputDevice: Error: [Callstack] 0x00007ffb38ad0cd2 UE4Editor-CoreUObject.dll!UnknownFunction []
[2021.03.16-22.35.17:846][216]LogOutputDevice: Error: [Callstack] 0x00007ffb38a9edbb UE4Editor-CoreUObject.dll!UnknownFunction []
[2021.03.16-22.35.17:846][216]LogOutputDevice: Error: [Callstack] 0x00007ffb38ad09ef UE4Editor-CoreUObject.dll!UnknownFunction []
[2021.03.16-22.35.17:846][216]LogOutputDevice: Error: [Callstack] 0x00007ffb38ad0cd2 UE4Editor-CoreUObject.dll!UnknownFunction []
[2021.03.16-22.35.17:846][216]LogOutputDevice: Error: [Callstack] 0x00007ffb38ad0644 UE4Editor-CoreUObject.dll!UnknownFunction []
[2021.03.16-22.35.17:846][216]LogOutputDevice: Error: [Callstack] 0x00007ffb388842e8 UE4Editor-CoreUObject.dll!UnknownFunction []
[2021.03.16-22.35.17:846][216]LogOutputDevice: Error: [Callstack] 0x00007ffb38ad0148 UE4Editor-CoreUObject.dll!UnknownFunction []
[2021.03.16-22.35.17:846][216]LogOutputDevice: Error: [Callstack] 0x00007ffb0ed57f18 UE4Editor-Engine.dll!UnknownFunction []
[2021.03.16-22.35.17:846][216]LogOutputDevice: Error: [Callstack] 0x00007ffb0feaebb4 UE4Editor-Engine.dll!UnknownFunction []
[2021.03.16-22.35.17:846][216]LogOutputDevice: Error: [Callstack] 0x00007ffb0feb5569 UE4Editor-Engine.dll!UnknownFunction []
[2021.03.16-22.35.17:846][216]LogOutputDevice: Error: [Callstack] 0x00007ffb0feb4755 UE4Editor-Engine.dll!UnknownFunction []
[2021.03.16-22.35.17:846][216]LogOutputDevice: Error: [Callstack] 0x00007ffb0f0d1cc8 UE4Editor-Engine.dll!UnknownFunction []
[2021.03.16-22.35.17:846][216]LogOutputDevice: Error: [Callstack] 0x00007ffb0f102c74 UE4Editor-Engine.dll!UnknownFunction []
[2021.03.16-22.35.17:846][216]LogOutputDevice: Error: [Callstack] 0x00007ffb0fe77223 UE4Editor-Engine.dll!UnknownFunction []
[2021.03.16-22.35.17:846][216]LogOutputDevice: Error: [Callstack] 0x00007ffb0fe85256 UE4Editor-Engine.dll!UnknownFunction []
[2021.03.16-22.35.17:846][216]LogOutputDevice: Error: [Callstack] 0x00007ffb1ee99ff2 UE4Editor-Core.dll!UnknownFunction []
[2021.03.16-22.35.17:846][216]LogOutputDevice: Error: [Callstack] 0x00007ffb1ee9a393 UE4Editor-Core.dll!UnknownFunction []
[2021.03.16-22.35.17:846][216]LogOutputDevice: Error: [Callstack] 0x00007ffb1eeaaa68 UE4Editor-Core.dll!UnknownFunction []
[2021.03.16-22.35.17:846][216]LogOutputDevice: Error: [Callstack] 0x00007ffb0fea38b0 UE4Editor-Engine.dll!UnknownFunction []
[2021.03.16-22.35.17:846][216]LogOutputDevice: Error: [Callstack] 0x00007ffb0fea97c2 UE4Editor-Engine.dll!UnknownFunction []
[2021.03.16-22.35.17:846][216]LogOutputDevice: Error: [Callstack] 0x00007ffb0f62a25f UE4Editor-Engine.dll!UnknownFunction []
[2021.03.16-22.35.17:846][216]LogOutputDevice: Error: [Callstack] 0x00007ffb0f635127 UE4Editor-Engine.dll!UnknownFunction []
[2021.03.16-22.35.17:846][216]LogOutputDevice: Error: [Callstack] 0x00007ffb1a10ad60 UE4Editor-UnrealEd.dll!UnknownFunction []
[2021.03.16-22.35.17:846][216]LogOutputDevice: Error: [Callstack] 0x00007ffb1a96e476 UE4Editor-UnrealEd.dll!UnknownFunction []
[2021.03.16-22.35.17:846][216]LogOutputDevice: Error: [Callstack] 0x00007ff63c007f62 UE4Editor.exe!UnknownFunction []
[2021.03.16-22.35.17:846][216]LogOutputDevice: Error: [Callstack] 0x00007ff63c01c3ec UE4Editor.exe!UnknownFunction []
[2021.03.16-22.35.17:846][216]LogOutputDevice: Error: [Callstack] 0x00007ff63c01c4ca UE4Editor.exe!UnknownFunction []
[2021.03.16-22.35.17:846][216]LogOutputDevice: Error: [Callstack] 0x00007ff63c02ceae UE4Editor.exe!UnknownFunction []
[2021.03.16-22.35.17:846][216]LogOutputDevice: Error: [Callstack] 0x00007ff63c02fcbe UE4Editor.exe!UnknownFunction []
[2021.03.16-22.35.17:846][216]LogOutputDevice: Error: [Callstack] 0x00007ffb79127034 KERNEL32.DLL!UnknownFunction []
[2021.03.16-22.35.17:846][216]LogOutputDevice: Error: [Callstack] 0x00007ffb7a802651 ntdll.dll!UnknownFunction []
[2021.03.16-22.35.17:846][216]LogOutputDevice: Error: 
[2021.03.16-22.35.17:849][216]LogStats:                SubmitErrorReport -  0.000 s
[2021.03.16-22.35.19:115][216]LogStats:                    SendNewReport -  1.267 s
[2021.03.16-22.35.19:115][216]LogStats:             FDebug::EnsureFailed -  1.843 s
[2021.03.16-22.35.19:115][216]LogOutputDevice: Warning: 

Script Stack (2 frames):
PinchosMovibles_C.ExecuteUbergraph_PinchosMovibles
PinchosMovibles_C.PinchosArriba__UpdateFunc

[2021.03.16-22.35.19:116][216]LogStats: FPlatformStackWalk::StackWalkAndDump -  0.001 s
[2021.03.16-22.35.19:116][216]LogOutputDevice: Error: === Handled ensure: ===
[2021.03.16-22.35.19:116][216]LogOutputDevice: Error: 
[2021.03.16-22.35.19:116][216]LogOutputDevice: Error: Ensure condition failed: !NewTransform.ContainsNaN() [File:D:/Build/++UE4/Sync/Engine/Source/Runtime/Engine/Private/PhysicsEngine/BodyInstance.cpp] [Line: 2047]
[2021.03.16-22.35.19:116][216]LogOutputDevice: Error: SetBodyTransform contains NaN (/Game/SlimeLordBP/Maps/UEDPIE_0_SlimeLord_Proto1.SlimeLord_Proto1:PersistentLevel.PinchosMovibles_2.Cone19)
[2021.03.16-22.35.19:116][216]LogOutputDevice: Error: -inf,8811733417125675519024731215712223232.000000,77362627043739664251290130057214820352.000000|0.000000,0.000000,0.000000|0.150000,0.150000,0.250000
[2021.03.16-22.35.19:116][216]LogOutputDevice: Error: Stack: 
[2021.03.16-22.35.19:116][216]LogOutputDevice: Error: [Callstack] 0x00007ffb105f82c6 UE4Editor-Engine.dll!UnknownFunction []
[2021.03.16-22.35.19:116][216]LogOutputDevice: Error: [Callstack] 0x00007ffb0f9b80cc UE4Editor-Engine.dll!UnknownFunction []
[2021.03.16-22.35.19:116][216]LogOutputDevice: Error: [Callstack] 0x00007ffb0f19f5f7 UE4Editor-Engine.dll!UnknownFunction []
[2021.03.16-22.35.19:116][216]LogOutputDevice: Error: [Callstack] 0x00007ffb0f19414e UE4Editor-Engine.dll!UnknownFunction []
[2021.03.16-22.35.19:116][216]LogOutputDevice: Error: [Callstack] 0x00007ffb0f1e486d UE4Editor-Engine.dll!UnknownFunction []
[2021.03.16-22.35.19:116][216]LogOutputDevice: Error: [Callstack] 0x00007ffb0f1f842e UE4Editor-Engine.dll!UnknownFunction []
[2021.03.16-22.35.19:116][216]LogOutputDevice: Error: [Callstack] 0x00007ffb0ecaf855 UE4Editor-Engine.dll!UnknownFunction []
[2021.03.16-22.35.19:116][216]LogOutputDevice: Error: [Callstack] 0x00007ffb0f1f7340 UE4Editor-Engine.dll!UnknownFunction []
[2021.03.16-22.35.19:116][216]LogOutputDevice: Error: [Callstack] 0x00007ffb0f1e495e UE4Editor-Engine.dll!UnknownFunction []
[2021.03.16-22.35.19:116][216]LogOutputDevice: Error: [Callstack] 0x00007ffb0f1f842e UE4Editor-Engine.dll!UnknownFunction []
[2021.03.16-22.35.19:116][216]LogOutputDevice: Error: [Callstack] 0x00007ffb0f1db676 UE4Editor-Engine.dll!UnknownFunction []
[2021.03.16-22.35.19:116][216]LogOutputDevice: Error: [Callstack] 0x00007ffb0f1dd837 UE4Editor-Engine.dll!UnknownFunction []
[2021.03.16-22.35.19:116][216]LogOutputDevice: Error: [Callstack] 0x00007ffb0f1ec9bd UE4Editor-Engine.dll!UnknownFunction []
[2021.03.16-22.35.19:116][216]LogOutputDevice: Error: [Callstack] 0x00007ffb0f1efc93 UE4Editor-Engine.dll!UnknownFunction []
[2021.03.16-22.35.19:116][216]LogOutputDevice: Error: [Callstack] 0x00007ffb0f1bf734 UE4Editor-Engine.dll!UnknownFunction []
[2021.03.16-22.35.19:116][216]LogOutputDevice: Error: [Callstack] 0x00007ffb0ed1c15f UE4Editor-Engine.dll!UnknownFunction []
[2021.03.16-22.35.19:116][216]LogOutputDevice: Error: [Callstack] 0x00007ffb0ed50345 UE4Editor-Engine.dll!UnknownFunction []
[2021.03.16-22.35.19:116][216]LogOutputDevice: Error: [Callstack] 0x00007ffb0ecc438c UE4Editor-Engine.dll!UnknownFunction []
[2021.03.16-22.35.19:116][216]LogOutputDevice: Error: [Callstack] 0x00007ffb388842e8 UE4Editor-CoreUObject.dll!UnknownFunction []
[2021.03.16-22.35.19:116][216]LogOutputDevice: Error: [Callstack] 0x00007ffb38aaa62f UE4Editor-CoreUObject.dll!UnknownFunction []
[2021.03.16-22.35.19:116][216]LogOutputDevice: Error: [Callstack] 0x00007ffb38ad0cd2 UE4Editor-CoreUObject.dll!UnknownFunction []
[2021.03.16-22.35.19:116][216]LogOutputDevice: Error: [Callstack] 0x00007ffb38a9edbb UE4Editor-CoreUObject.dll!UnknownFunction []
[2021.03.16-22.35.19:117][216]LogOutputDevice: Error: [Callstack] 0x00007ffb38ad09ef UE4Editor-CoreUObject.dll!UnknownFunction []
[2021.03.16-22.35.19:117][216]LogOutputDevice: Error: [Callstack] 0x00007ffb38ad0cd2 UE4Editor-CoreUObject.dll!UnknownFunction []
[2021.03.16-22.35.19:117][216]LogOutputDevice: Error: [Callstack] 0x00007ffb38ad0644 UE4Editor-CoreUObject.dll!UnknownFunction []
[2021.03.16-22.35.19:117][216]LogOutputDevice: Error: [Callstack] 0x00007ffb388842e8 UE4Editor-CoreUObject.dll!UnknownFunction []
[2021.03.16-22.35.19:117][216]LogOutputDevice: Error: [Callstack] 0x00007ffb38ad0148 UE4Editor-CoreUObject.dll!UnknownFunction []
[2021.03.16-22.35.19:117][216]LogOutputDevice: Error: [Callstack] 0x00007ffb0ed57f18 UE4Editor-Engine.dll!UnknownFunction []
[2021.03.16-22.35.19:117][216]LogOutputDevice: Error: [Callstack] 0x00007ffb0feaebb4 UE4Editor-Engine.dll!UnknownFunction []
[2021.03.16-22.35.19:117][216]LogOutputDevice: Error: [Callstack] 0x00007ffb0feb5569 UE4Editor-Engine.dll!UnknownFunction []
[2021.03.16-22.35.19:117][216]LogOutputDevice: Error: [Callstack] 0x00007ffb0feb4755 UE4Editor-Engine.dll!UnknownFunction []
[2021.03.16-22.35.19:117][216]LogOutputDevice: Error: [Callstack] 0x00007ffb0f0d1cc8 UE4Editor-Engine.dll!UnknownFunction []
[2021.03.16-22.35.19:117][216]LogOutputDevice: Error: [Callstack] 0x00007ffb0f102c74 UE4Editor-Engine.dll!UnknownFunction []
[2021.03.16-22.35.19:117][216]LogOutputDevice: Error: [Callstack] 0x00007ffb0fe77223 UE4Editor-Engine.dll!UnknownFunction []
[2021.03.16-22.35.19:117][216]LogOutputDevice: Error: [Callstack] 0x00007ffb0fe85256 UE4Editor-Engine.dll!UnknownFunction []
[2021.03.16-22.35.19:117][216]LogOutputDevice: Error: [Callstack] 0x00007ffb1ee99ff2 UE4Editor-Core.dll!UnknownFunction []
[2021.03.16-22.35.19:117][216]LogOutputDevice: Error: [Callstack] 0x00007ffb1ee9a393 UE4Editor-Core.dll!UnknownFunction []
[2021.03.16-22.35.19:117][216]LogOutputDevice: Error: [Callstack] 0x00007ffb1eeaaa68 UE4Editor-Core.dll!UnknownFunction []
[2021.03.16-22.35.19:117][216]LogOutputDevice: Error: [Callstack] 0x00007ffb0fea38b0 UE4Editor-Engine.dll!UnknownFunction []
[2021.03.16-22.35.19:117][216]LogOutputDevice: Error: [Callstack] 0x00007ffb0fea97c2 UE4Editor-Engine.dll!UnknownFunction []
[2021.03.16-22.35.19:117][216]LogOutputDevice: Error: [Callstack] 0x00007ffb0f62a25f UE4Editor-Engine.dll!UnknownFunction []
[2021.03.16-22.35.19:117][216]LogOutputDevice: Error: [Callstack] 0x00007ffb0f635127 UE4Editor-Engine.dll!UnknownFunction []
[2021.03.16-22.35.19:117][216]LogOutputDevice: Error: [Callstack] 0x00007ffb1a10ad60 UE4Editor-UnrealEd.dll!UnknownFunction []
[2021.03.16-22.35.19:117][216]LogOutputDevice: Error: [Callstack] 0x00007ffb1a96e476 UE4Editor-UnrealEd.dll!UnknownFunction []
[2021.03.16-22.35.19:117][216]LogOutputDevice: Error: [Callstack] 0x00007ff63c007f62 UE4Editor.exe!UnknownFunction []
[2021.03.16-22.35.19:117][216]LogOutputDevice: Error: [Callstack] 0x00007ff63c01c3ec UE4Editor.exe!UnknownFunction []
[2021.03.16-22.35.19:117][216]LogOutputDevice: Error: [Callstack] 0x00007ff63c01c4ca UE4Editor.exe!UnknownFunction []
[2021.03.16-22.35.19:117][216]LogOutputDevice: Error: [Callstack] 0x00007ff63c02ceae UE4Editor.exe!UnknownFunction []
[2021.03.16-22.35.19:117][216]LogOutputDevice: Error: [Callstack] 0x00007ff63c02fcbe UE4Editor.exe!UnknownFunction []
[2021.03.16-22.35.19:117][216]LogOutputDevice: Error: [Callstack] 0x00007ffb79127034 KERNEL32.DLL!UnknownFunction []
[2021.03.16-22.35.19:117][216]LogOutputDevice: Error: [Callstack] 0x00007ffb7a802651 ntdll.dll!UnknownFunction []
[2021.03.16-22.35.19:117][216]LogOutputDevice: Error: 
[2021.03.16-22.35.19:126][216]LogStats:                SubmitErrorReport -  0.000 s
[2021.03.16-22.35.22:874][216]LogStats:                    SendNewReport -  3.748 s
[2021.03.16-22.35.22:874][216]LogStats:             FDebug::EnsureFailed -  3.759 s
[2021.03.16-22.35.22:888][216]LogOutputDevice: Warning: 

Script Stack (0 frames):

[2021.03.16-22.35.22:917][216]LogStats: FPlatformStackWalk::StackWalkAndDump -  0.029 s
[2021.03.16-22.35.22:917][216]LogOutputDevice: Error: === Handled ensure: ===
[2021.03.16-22.35.22:917][216]LogOutputDevice: Error: 
[2021.03.16-22.35.22:917][216]LogOutputDevice: Error: Ensure condition failed: !Primitive->Bounds.BoxExtent.ContainsNaN() && !Primitive->Bounds.Origin.ContainsNaN() && !FMath::IsNaN(Primitive->Bounds.SphereRadius) && FMath::IsFinite(Primitive->Bounds.SphereRadius) [File:D:/Build/++UE4/Sync/Engine/Source/Runtime/Renderer/Private/RendererScene.cpp] [Line: 1284]
[2021.03.16-22.35.22:917][216]LogOutputDevice: Error: Nans found on Bounds for Primitive Cone19: Origin X=-inf Y=8811733417125675519024731215712223232.000 Z=77362627043739664251290130057214820352.000, BoxExtent X=7.500 Y=7.500 Z=12.500, SphereRadius 16.393595
[2021.03.16-22.35.22:917][216]LogOutputDevice: Error: Stack: 
[2021.03.16-22.35.22:917][216]LogOutputDevice: Error: [Callstack] 0x00007ffb0aad5aef UE4Editor-Renderer.dll!UnknownFunction []
[2021.03.16-22.35.22:917][216]LogOutputDevice: Error: [Callstack] 0x00007ffb0a7ed015 UE4Editor-Renderer.dll!UnknownFunction []
[2021.03.16-22.35.22:917][216]LogOutputDevice: Error: [Callstack] 0x00007ffb0f1a00a0 UE4Editor-Engine.dll!UnknownFunction []
[2021.03.16-22.35.22:917][216]LogOutputDevice: Error: [Callstack] 0x00007ffb0f0ffab5 UE4Editor-Engine.dll!UnknownFunction []
[2021.03.16-22.35.22:917][216]LogOutputDevice: Error: [Callstack] 0x00007ffb0f5e4417 UE4Editor-Engine.dll!UnknownFunction []
[2021.03.16-22.35.22:917][216]LogOutputDevice: Error: [Callstack] 0x00007ffb0f617c2f UE4Editor-Engine.dll!UnknownFunction []
[2021.03.16-22.35.22:917][216]LogOutputDevice: Error: [Callstack] 0x00007ffb0f62adbb UE4Editor-Engine.dll!UnknownFunction []
[2021.03.16-22.35.22:917][216]LogOutputDevice: Error: [Callstack] 0x00007ffb0f1fa189 UE4Editor-Engine.dll!UnknownFunction []
[2021.03.16-22.35.22:917][216]LogOutputDevice: Error: [Callstack] 0x00007ffb1a10ad93 UE4Editor-UnrealEd.dll!UnknownFunction []
[2021.03.16-22.35.22:917][216]LogOutputDevice: Error: [Callstack] 0x00007ffb1a96e476 UE4Editor-UnrealEd.dll!UnknownFunction []
[2021.03.16-22.35.22:917][216]LogOutputDevice: Error: [Callstack] 0x00007ff63c007f62 UE4Editor.exe!UnknownFunction []
[2021.03.16-22.35.22:917][216]LogOutputDevice: Error: [Callstack] 0x00007ff63c01c3ec UE4Editor.exe!UnknownFunction []
[2021.03.16-22.35.22:917][216]LogOutputDevice: Error: [Callstack] 0x00007ff63c01c4ca UE4Editor.exe!UnknownFunction []
[2021.03.16-22.35.22:917][216]LogOutputDevice: Error: [Callstack] 0x00007ff63c02ceae UE4Editor.exe!UnknownFunction []
[2021.03.16-22.35.22:917][216]LogOutputDevice: Error: [Callstack] 0x00007ff63c02fcbe UE4Editor.exe!UnknownFunction []
[2021.03.16-22.35.22:917][216]LogOutputDevice: Error: [Callstack] 0x00007ffb79127034 KERNEL32.DLL!UnknownFunction []
[2021.03.16-22.35.22:918][216]LogOutputDevice: Error: [Callstack] 0x00007ffb7a802651 ntdll.dll!UnknownFunction []
[2021.03.16-22.35.22:918][216]LogOutputDevice: Error: 
